[27-Jun-2018 00:17:21 UTC] PHP Fatal error:  Call to undefined function displaySymbol() in /home/ubuntu/workspace/cst336/labs/lab2/index.php on line 20
[27-Jun-2018 00:17:21 UTC] PHP Stack trace:
[27-Jun-2018 00:17:21 UTC] PHP   1. {main}() /home/ubuntu/workspace/cst336/labs/lab2/index.php:0
[27-Jun-2018 00:21:09 UTC] PHP Fatal error:  Call to undefined function displaySymbol() in /home/ubuntu/workspace/cst336/labs/lab2/index.php on line 20
[27-Jun-2018 00:21:09 UTC] PHP Stack trace:
[27-Jun-2018 00:21:09 UTC] PHP   1. {main}() /home/ubuntu/workspace/cst336/labs/lab2/index.php:0
[27-Jun-2018 00:21:57 UTC] PHP Fatal error:  Call to undefined function displaySymbol() in /home/ubuntu/workspace/cst336/labs/lab2/index.php on line 72
[27-Jun-2018 00:21:57 UTC] PHP Stack trace:
[27-Jun-2018 00:21:57 UTC] PHP   1. {main}() /home/ubuntu/workspace/cst336/labs/lab2/index.php:0
[27-Jun-2018 00:37:10 UTC] PHP Fatal error:  Call to undefined function displaySymbols() in /home/ubuntu/workspace/cst336/labs/lab2/index.php on line 76
[27-Jun-2018 00:37:10 UTC] PHP Stack trace:
[27-Jun-2018 00:37:10 UTC] PHP   1. {main}() /home/ubuntu/workspace/cst336/labs/lab2/index.php:0
[27-Jun-2018 00:37:44 UTC] PHP Fatal error:  Call to undefined function displaySymbols() in /home/ubuntu/workspace/cst336/labs/lab2/index.php on line 76
[27-Jun-2018 00:37:44 UTC] PHP Stack trace:
[27-Jun-2018 00:37:44 UTC] PHP   1. {main}() /home/ubuntu/workspace/cst336/labs/lab2/index.php:0
[27-Jun-2018 01:03:30 UTC] PHP Parse error:  syntax error, unexpected 'reel' (T_STRING), expecting ',' or ';' in /home/ubuntu/workspace/cst336/labs/lab2/inc/functions.php on line 13
[27-Jun-2018 01:03:30 UTC] PHP Stack trace:
[27-Jun-2018 01:03:30 UTC] PHP   1. {main}() /home/ubuntu/workspace/cst336/labs/lab2/index.php:0
[27-Jun-2018 01:03:34 UTC] PHP Parse error:  syntax error, unexpected 'reel' (T_STRING), expecting ',' or ';' in /home/ubuntu/workspace/cst336/labs/lab2/inc/functions.php on line 13
[27-Jun-2018 01:03:34 UTC] PHP Stack trace:
[27-Jun-2018 01:03:34 UTC] PHP   1. {main}() /home/ubuntu/workspace/cst336/labs/lab2/index.php:0
[27-Jun-2018 01:09:26 UTC] PHP Parse error:  syntax error, unexpected 'img' (T_STRING), expecting ',' or ';' in /home/ubuntu/workspace/cst336/labs/lab2/inc/functions.php on line 13
[27-Jun-2018 01:09:26 UTC] PHP Stack trace:
[27-Jun-2018 01:09:26 UTC] PHP   1. {main}() /home/ubuntu/workspace/cst336/labs/lab2/index.php:0
[04-Jul-2018 14:50:04 UTC] PHP Fatal error:  Maximum execution time of 300 seconds exceeded in /home/ubuntu/workspace/cst336/labs/lab3/index.php on line 49
[04-Jul-2018 14:50:04 UTC] PHP Stack trace:
[04-Jul-2018 14:50:04 UTC] PHP   1. {main}() /home/ubuntu/workspace/cst336/labs/lab3/index.php:0
[04-Jul-2018 15:11:18 UTC] PHP Fatal error:  Cannot redeclare getImageURLs() (previously declared in /home/ubuntu/workspace/cst336/labs/lab3/api/pixabayAPI.php:4) in /home/ubuntu/workspace/cst336/labs/lab3/api/pixabayAPI.php on line 54
[04-Jul-2018 15:11:18 UTC] PHP Stack trace:
[04-Jul-2018 15:11:18 UTC] PHP   1. {main}() /home/ubuntu/workspace/cst336/labs/lab3/index.php:0
[04-Jul-2018 15:19:15 UTC] PHP Warning:  Missing argument 2 for getImageURLs(), called in /home/ubuntu/workspace/cst336/labs/lab3/index.php on line 6 and defined in /home/ubuntu/workspace/cst336/labs/lab3/api/pixabayAPI.php on line 4
[04-Jul-2018 15:19:15 UTC] PHP Stack trace:
[04-Jul-2018 15:19:15 UTC] PHP   1. {main}() /home/ubuntu/workspace/cst336/labs/lab3/index.php:0
[04-Jul-2018 15:19:15 UTC] PHP   2. getImageURLs() /home/ubuntu/workspace/cst336/labs/lab3/index.php:6
[04-Jul-2018 15:19:15 UTC] PHP Warning:  curl_exec() expects parameter 1 to be resource, null given in /home/ubuntu/workspace/cst336/labs/lab3/api/pixabayAPI.php on line 19
[04-Jul-2018 15:19:15 UTC] PHP Stack trace:
[04-Jul-2018 15:19:15 UTC] PHP   1. {main}() /home/ubuntu/workspace/cst336/labs/lab3/index.php:0
[04-Jul-2018 15:19:15 UTC] PHP   2. getImageURLs() /home/ubuntu/workspace/cst336/labs/lab3/index.php:6
[04-Jul-2018 15:19:15 UTC] PHP   3. curl_exec() /home/ubuntu/workspace/cst336/labs/lab3/api/pixabayAPI.php:19
[04-Jul-2018 15:19:15 UTC] PHP Warning:  curl_error() expects parameter 1 to be resource, null given in /home/ubuntu/workspace/cst336/labs/lab3/api/pixabayAPI.php on line 26
[04-Jul-2018 15:19:15 UTC] PHP Stack trace:
[04-Jul-2018 15:19:15 UTC] PHP   1. {main}() /home/ubuntu/workspace/cst336/labs/lab3/index.php:0
[04-Jul-2018 15:19:15 UTC] PHP   2. getImageURLs() /home/ubuntu/workspace/cst336/labs/lab3/index.php:6
[04-Jul-2018 15:19:15 UTC] PHP   3. curl_error() /home/ubuntu/workspace/cst336/labs/lab3/api/pixabayAPI.php:26
[04-Jul-2018 15:19:15 UTC] PHP Warning:  curl_close() expects parameter 1 to be resource, null given in /home/ubuntu/workspace/cst336/labs/lab3/api/pixabayAPI.php on line 27
[04-Jul-2018 15:19:15 UTC] PHP Stack trace:
[04-Jul-2018 15:19:15 UTC] PHP   1. {main}() /home/ubuntu/workspace/cst336/labs/lab3/index.php:0
[04-Jul-2018 15:19:15 UTC] PHP   2. getImageURLs() /home/ubuntu/workspace/cst336/labs/lab3/index.php:6
[04-Jul-2018 15:19:15 UTC] PHP   3. curl_close() /home/ubuntu/workspace/cst336/labs/lab3/api/pixabayAPI.php:27
[04-Jul-2018 15:20:12 UTC] PHP Warning:  Missing argument 2 for getImageURLs(), called in /home/ubuntu/workspace/cst336/labs/lab3/index.php on line 6 and defined in /home/ubuntu/workspace/cst336/labs/lab3/api/pixabayAPI.php on line 4
[04-Jul-2018 15:20:12 UTC] PHP Stack trace:
[04-Jul-2018 15:20:12 UTC] PHP   1. {main}() /home/ubuntu/workspace/cst336/labs/lab3/index.php:0
[04-Jul-2018 15:20:12 UTC] PHP   2. getImageURLs() /home/ubuntu/workspace/cst336/labs/lab3/index.php:6
[04-Jul-2018 15:20:12 UTC] PHP Warning:  curl_exec() expects parameter 1 to be resource, null given in /home/ubuntu/workspace/cst336/labs/lab3/api/pixabayAPI.php on line 19
[04-Jul-2018 15:20:12 UTC] PHP Stack trace:
[04-Jul-2018 15:20:12 UTC] PHP   1. {main}() /home/ubuntu/workspace/cst336/labs/lab3/index.php:0
[04-Jul-2018 15:20:12 UTC] PHP   2. getImageURLs() /home/ubuntu/workspace/cst336/labs/lab3/index.php:6
[04-Jul-2018 15:20:12 UTC] PHP   3. curl_exec() /home/ubuntu/workspace/cst336/labs/lab3/api/pixabayAPI.php:19
[04-Jul-2018 15:20:12 UTC] PHP Warning:  curl_error() expects parameter 1 to be resource, null given in /home/ubuntu/workspace/cst336/labs/lab3/api/pixabayAPI.php on line 26
[04-Jul-2018 15:20:12 UTC] PHP Stack trace:
[04-Jul-2018 15:20:12 UTC] PHP   1. {main}() /home/ubuntu/workspace/cst336/labs/lab3/index.php:0
[04-Jul-2018 15:20:12 UTC] PHP   2. getImageURLs() /home/ubuntu/workspace/cst336/labs/lab3/index.php:6
[04-Jul-2018 15:20:12 UTC] PHP   3. curl_error() /home/ubuntu/workspace/cst336/labs/lab3/api/pixabayAPI.php:26
[04-Jul-2018 15:20:12 UTC] PHP Warning:  curl_close() expects parameter 1 to be resource, null given in /home/ubuntu/workspace/cst336/labs/lab3/api/pixabayAPI.php on line 27
[04-Jul-2018 15:20:12 UTC] PHP Stack trace:
[04-Jul-2018 15:20:12 UTC] PHP   1. {main}() /home/ubuntu/workspace/cst336/labs/lab3/index.php:0
[04-Jul-2018 15:20:12 UTC] PHP   2. getImageURLs() /home/ubuntu/workspace/cst336/labs/lab3/index.php:6
[04-Jul-2018 15:20:12 UTC] PHP   3. curl_close() /home/ubuntu/workspace/cst336/labs/lab3/api/pixabayAPI.php:27
[04-Jul-2018 15:22:19 UTC] PHP Warning:  Missing argument 2 for getImageURLs(), called in /home/ubuntu/workspace/cst336/labs/lab3/index.php on line 6 and defined in /home/ubuntu/workspace/cst336/labs/lab3/api/pixabayAPI.php on line 4
[04-Jul-2018 15:22:19 UTC] PHP Stack trace:
[04-Jul-2018 15:22:19 UTC] PHP   1. {main}() /home/ubuntu/workspace/cst336/labs/lab3/index.php:0
[04-Jul-2018 15:22:19 UTC] PHP   2. getImageURLs() /home/ubuntu/workspace/cst336/labs/lab3/index.php:6
[04-Jul-2018 15:22:26 UTC] PHP Warning:  Missing argument 2 for getImageURLs(), called in /home/ubuntu/workspace/cst336/labs/lab3/index.php on line 6 and defined in /home/ubuntu/workspace/cst336/labs/lab3/api/pixabayAPI.php on line 4
[04-Jul-2018 15:22:26 UTC] PHP Stack trace:
[04-Jul-2018 15:22:26 UTC] PHP   1. {main}() /home/ubuntu/workspace/cst336/labs/lab3/index.php:0
[04-Jul-2018 15:22:26 UTC] PHP   2. getImageURLs() /home/ubuntu/workspace/cst336/labs/lab3/index.php:6
[04-Jul-2018 15:22:31 UTC] PHP Warning:  Missing argument 2 for getImageURLs(), called in /home/ubuntu/workspace/cst336/labs/lab3/index.php on line 6 and defined in /home/ubuntu/workspace/cst336/labs/lab3/api/pixabayAPI.php on line 4
[04-Jul-2018 15:22:31 UTC] PHP Stack trace:
[04-Jul-2018 15:22:31 UTC] PHP   1. {main}() /home/ubuntu/workspace/cst336/labs/lab3/index.php:0
[04-Jul-2018 15:22:31 UTC] PHP   2. getImageURLs() /home/ubuntu/workspace/cst336/labs/lab3/index.php:6
[04-Jul-2018 15:23:22 UTC] PHP Warning:  Missing argument 2 for getImageURLs(), called in /home/ubuntu/workspace/cst336/labs/lab3/index.php on line 6 and defined in /home/ubuntu/workspace/cst336/labs/lab3/api/pixabayAPI.php on line 4
[04-Jul-2018 15:23:22 UTC] PHP Stack trace:
[04-Jul-2018 15:23:22 UTC] PHP   1. {main}() /home/ubuntu/workspace/cst336/labs/lab3/index.php:0
[04-Jul-2018 15:23:22 UTC] PHP   2. getImageURLs() /home/ubuntu/workspace/cst336/labs/lab3/index.php:6
[04-Jul-2018 15:23:22 UTC] PHP Warning:  curl_exec() expects parameter 1 to be resource, null given in /home/ubuntu/workspace/cst336/labs/lab3/api/pixabayAPI.php on line 19
[04-Jul-2018 15:23:22 UTC] PHP Stack trace:
[04-Jul-2018 15:23:22 UTC] PHP   1. {main}() /home/ubuntu/workspace/cst336/labs/lab3/index.php:0
[04-Jul-2018 15:23:22 UTC] PHP   2. getImageURLs() /home/ubuntu/workspace/cst336/labs/lab3/index.php:6
[04-Jul-2018 15:23:22 UTC] PHP   3. curl_exec() /home/ubuntu/workspace/cst336/labs/lab3/api/pixabayAPI.php:19
[04-Jul-2018 15:23:22 UTC] PHP Warning:  curl_error() expects parameter 1 to be resource, null given in /home/ubuntu/workspace/cst336/labs/lab3/api/pixabayAPI.php on line 26
[04-Jul-2018 15:23:22 UTC] PHP Stack trace:
[04-Jul-2018 15:23:22 UTC] PHP   1. {main}() /home/ubuntu/workspace/cst336/labs/lab3/index.php:0
[04-Jul-2018 15:23:22 UTC] PHP   2. getImageURLs() /home/ubuntu/workspace/cst336/labs/lab3/index.php:6
[04-Jul-2018 15:23:22 UTC] PHP   3. curl_error() /home/ubuntu/workspace/cst336/labs/lab3/api/pixabayAPI.php:26
[04-Jul-2018 15:23:22 UTC] PHP Warning:  curl_close() expects parameter 1 to be resource, null given in /home/ubuntu/workspace/cst336/labs/lab3/api/pixabayAPI.php on line 27
[04-Jul-2018 15:23:22 UTC] PHP Stack trace:
[04-Jul-2018 15:23:22 UTC] PHP   1. {main}() /home/ubuntu/workspace/cst336/labs/lab3/index.php:0
[04-Jul-2018 15:23:22 UTC] PHP   2. getImageURLs() /home/ubuntu/workspace/cst336/labs/lab3/index.php:6
[04-Jul-2018 15:23:22 UTC] PHP   3. curl_close() /home/ubuntu/workspace/cst336/labs/lab3/api/pixabayAPI.php:27
[04-Jul-2018 15:23:31 UTC] PHP Warning:  Missing argument 2 for getImageURLs(), called in /home/ubuntu/workspace/cst336/labs/lab3/index.php on line 6 and defined in /home/ubuntu/workspace/cst336/labs/lab3/api/pixabayAPI.php on line 4
[04-Jul-2018 15:23:31 UTC] PHP Stack trace:
[04-Jul-2018 15:23:31 UTC] PHP   1. {main}() /home/ubuntu/workspace/cst336/labs/lab3/index.php:0
[04-Jul-2018 15:23:31 UTC] PHP   2. getImageURLs() /home/ubuntu/workspace/cst336/labs/lab3/index.php:6
[04-Jul-2018 15:23:31 UTC] PHP Warning:  curl_exec() expects parameter 1 to be resource, null given in /home/ubuntu/workspace/cst336/labs/lab3/api/pixabayAPI.php on line 19
[04-Jul-2018 15:23:31 UTC] PHP Stack trace:
[04-Jul-2018 15:23:31 UTC] PHP   1. {main}() /home/ubuntu/workspace/cst336/labs/lab3/index.php:0
[04-Jul-2018 15:23:31 UTC] PHP   2. getImageURLs() /home/ubuntu/workspace/cst336/labs/lab3/index.php:6
[04-Jul-2018 15:23:31 UTC] PHP   3. curl_exec() /home/ubuntu/workspace/cst336/labs/lab3/api/pixabayAPI.php:19
[04-Jul-2018 15:23:31 UTC] PHP Warning:  curl_error() expects parameter 1 to be resource, null given in /home/ubuntu/workspace/cst336/labs/lab3/api/pixabayAPI.php on line 26
[04-Jul-2018 15:23:31 UTC] PHP Stack trace:
[04-Jul-2018 15:23:31 UTC] PHP   1. {main}() /home/ubuntu/workspace/cst336/labs/lab3/index.php:0
[04-Jul-2018 15:23:31 UTC] PHP   2. getImageURLs() /home/ubuntu/workspace/cst336/labs/lab3/index.php:6
[04-Jul-2018 15:23:31 UTC] PHP   3. curl_error() /home/ubuntu/workspace/cst336/labs/lab3/api/pixabayAPI.php:26
[04-Jul-2018 15:23:31 UTC] PHP Warning:  curl_close() expects parameter 1 to be resource, null given in /home/ubuntu/workspace/cst336/labs/lab3/api/pixabayAPI.php on line 27
[04-Jul-2018 15:23:31 UTC] PHP Stack trace:
[04-Jul-2018 15:23:31 UTC] PHP   1. {main}() /home/ubuntu/workspace/cst336/labs/lab3/index.php:0
[04-Jul-2018 15:23:31 UTC] PHP   2. getImageURLs() /home/ubuntu/workspace/cst336/labs/lab3/index.php:6
[04-Jul-2018 15:23:31 UTC] PHP   3. curl_close() /home/ubuntu/workspace/cst336/labs/lab3/api/pixabayAPI.php:27
[04-Jul-2018 15:23:56 UTC] PHP Warning:  Missing argument 2 for getImageURLs(), called in /home/ubuntu/workspace/cst336/labs/lab3/index.php on line 6 and defined in /home/ubuntu/workspace/cst336/labs/lab3/api/pixabayAPI.php on line 4
[04-Jul-2018 15:23:56 UTC] PHP Stack trace:
[04-Jul-2018 15:23:56 UTC] PHP   1. {main}() /home/ubuntu/workspace/cst336/labs/lab3/index.php:0
[04-Jul-2018 15:23:56 UTC] PHP   2. getImageURLs() /home/ubuntu/workspace/cst336/labs/lab3/index.php:6
[04-Jul-2018 15:23:56 UTC] PHP Warning:  curl_exec() expects parameter 1 to be resource, null given in /home/ubuntu/workspace/cst336/labs/lab3/api/pixabayAPI.php on line 19
[04-Jul-2018 15:23:56 UTC] PHP Stack trace:
[04-Jul-2018 15:23:56 UTC] PHP   1. {main}() /home/ubuntu/workspace/cst336/labs/lab3/index.php:0
[04-Jul-2018 15:23:56 UTC] PHP   2. getImageURLs() /home/ubuntu/workspace/cst336/labs/lab3/index.php:6
[04-Jul-2018 15:23:56 UTC] PHP   3. curl_exec() /home/ubuntu/workspace/cst336/labs/lab3/api/pixabayAPI.php:19
[04-Jul-2018 15:23:56 UTC] PHP Warning:  curl_error() expects parameter 1 to be resource, null given in /home/ubuntu/workspace/cst336/labs/lab3/api/pixabayAPI.php on line 26
[04-Jul-2018 15:23:56 UTC] PHP Stack trace:
[04-Jul-2018 15:23:56 UTC] PHP   1. {main}() /home/ubuntu/workspace/cst336/labs/lab3/index.php:0
[04-Jul-2018 15:23:56 UTC] PHP   2. getImageURLs() /home/ubuntu/workspace/cst336/labs/lab3/index.php:6
[04-Jul-2018 15:23:56 UTC] PHP   3. curl_error() /home/ubuntu/workspace/cst336/labs/lab3/api/pixabayAPI.php:26
[04-Jul-2018 15:23:56 UTC] PHP Warning:  curl_close() expects parameter 1 to be resource, null given in /home/ubuntu/workspace/cst336/labs/lab3/api/pixabayAPI.php on line 27
[04-Jul-2018 15:23:56 UTC] PHP Stack trace:
[04-Jul-2018 15:23:56 UTC] PHP   1. {main}() /home/ubuntu/workspace/cst336/labs/lab3/index.php:0
[04-Jul-2018 15:23:56 UTC] PHP   2. getImageURLs() /home/ubuntu/workspace/cst336/labs/lab3/index.php:6
[04-Jul-2018 15:23:56 UTC] PHP   3. curl_close() /home/ubuntu/workspace/cst336/labs/lab3/api/pixabayAPI.php:27
[04-Jul-2018 15:24:00 UTC] PHP Warning:  Missing argument 2 for getImageURLs(), called in /home/ubuntu/workspace/cst336/labs/lab3/index.php on line 6 and defined in /home/ubuntu/workspace/cst336/labs/lab3/api/pixabayAPI.php on line 4
[04-Jul-2018 15:24:00 UTC] PHP Stack trace:
[04-Jul-2018 15:24:00 UTC] PHP   1. {main}() /home/ubuntu/workspace/cst336/labs/lab3/index.php:0
[04-Jul-2018 15:24:00 UTC] PHP   2. getImageURLs() /home/ubuntu/workspace/cst336/labs/lab3/index.php:6
[04-Jul-2018 15:24:00 UTC] PHP Warning:  curl_exec() expects parameter 1 to be resource, null given in /home/ubuntu/workspace/cst336/labs/lab3/api/pixabayAPI.php on line 19
[04-Jul-2018 15:24:00 UTC] PHP Stack trace:
[04-Jul-2018 15:24:00 UTC] PHP   1. {main}() /home/ubuntu/workspace/cst336/labs/lab3/index.php:0
[04-Jul-2018 15:24:00 UTC] PHP   2. getImageURLs() /home/ubuntu/workspace/cst336/labs/lab3/index.php:6
[04-Jul-2018 15:24:00 UTC] PHP   3. curl_exec() /home/ubuntu/workspace/cst336/labs/lab3/api/pixabayAPI.php:19
[04-Jul-2018 15:24:00 UTC] PHP Warning:  curl_error() expects parameter 1 to be resource, null given in /home/ubuntu/workspace/cst336/labs/lab3/api/pixabayAPI.php on line 26
[04-Jul-2018 15:24:00 UTC] PHP Stack trace:
[04-Jul-2018 15:24:00 UTC] PHP   1. {main}() /home/ubuntu/workspace/cst336/labs/lab3/index.php:0
[04-Jul-2018 15:24:00 UTC] PHP   2. getImageURLs() /home/ubuntu/workspace/cst336/labs/lab3/index.php:6
[04-Jul-2018 15:24:00 UTC] PHP   3. curl_error() /home/ubuntu/workspace/cst336/labs/lab3/api/pixabayAPI.php:26
[04-Jul-2018 15:24:00 UTC] PHP Warning:  curl_close() expects parameter 1 to be resource, null given in /home/ubuntu/workspace/cst336/labs/lab3/api/pixabayAPI.php on line 27
[04-Jul-2018 15:24:00 UTC] PHP Stack trace:
[04-Jul-2018 15:24:00 UTC] PHP   1. {main}() /home/ubuntu/workspace/cst336/labs/lab3/index.php:0
[04-Jul-2018 15:24:00 UTC] PHP   2. getImageURLs() /home/ubuntu/workspace/cst336/labs/lab3/index.php:6
[04-Jul-2018 15:24:00 UTC] PHP   3. curl_close() /home/ubuntu/workspace/cst336/labs/lab3/api/pixabayAPI.php:27
[04-Jul-2018 15:31:36 UTC] PHP Fatal error:  Maximum execution time of 300 seconds exceeded in /home/ubuntu/workspace/cst336/labs/lab3/index.php on line 49
[04-Jul-2018 15:31:36 UTC] PHP Stack trace:
[04-Jul-2018 15:31:36 UTC] PHP   1. {main}() /home/ubuntu/workspace/cst336/labs/lab3/index.php:0
[04-Jul-2018 15:32:54 UTC] PHP Warning:  Missing argument 2 for getImageURLs(), called in /home/ubuntu/workspace/cst336/labs/lab3/index.php on line 6 and defined in /home/ubuntu/workspace/cst336/labs/lab3/api/pixabayAPI.php on line 4
[04-Jul-2018 15:32:54 UTC] PHP Stack trace:
[04-Jul-2018 15:32:54 UTC] PHP   1. {main}() /home/ubuntu/workspace/cst336/labs/lab3/index.php:0
[04-Jul-2018 15:32:54 UTC] PHP   2. getImageURLs() /home/ubuntu/workspace/cst336/labs/lab3/index.php:6
[04-Jul-2018 15:33:01 UTC] PHP Warning:  Missing argument 2 for getImageURLs(), called in /home/ubuntu/workspace/cst336/labs/lab3/index.php on line 6 and defined in /home/ubuntu/workspace/cst336/labs/lab3/api/pixabayAPI.php on line 4
[04-Jul-2018 15:33:01 UTC] PHP Stack trace:
[04-Jul-2018 15:33:01 UTC] PHP   1. {main}() /home/ubuntu/workspace/cst336/labs/lab3/index.php:0
[04-Jul-2018 15:33:01 UTC] PHP   2. getImageURLs() /home/ubuntu/workspace/cst336/labs/lab3/index.php:6
[04-Jul-2018 15:33:06 UTC] PHP Warning:  Missing argument 2 for getImageURLs(), called in /home/ubuntu/workspace/cst336/labs/lab3/index.php on line 6 and defined in /home/ubuntu/workspace/cst336/labs/lab3/api/pixabayAPI.php on line 4
[04-Jul-2018 15:33:06 UTC] PHP Stack trace:
[04-Jul-2018 15:33:06 UTC] PHP   1. {main}() /home/ubuntu/workspace/cst336/labs/lab3/index.php:0
[04-Jul-2018 15:33:06 UTC] PHP   2. getImageURLs() /home/ubuntu/workspace/cst336/labs/lab3/index.php:6
[04-Jul-2018 15:33:41 UTC] PHP Warning:  Missing argument 2 for getImageURLs(), called in /home/ubuntu/workspace/cst336/labs/lab3/index.php on line 6 and defined in /home/ubuntu/workspace/cst336/labs/lab3/api/pixabayAPI.php on line 4
[04-Jul-2018 15:33:41 UTC] PHP Stack trace:
[04-Jul-2018 15:33:41 UTC] PHP   1. {main}() /home/ubuntu/workspace/cst336/labs/lab3/index.php:0
[04-Jul-2018 15:33:41 UTC] PHP   2. getImageURLs() /home/ubuntu/workspace/cst336/labs/lab3/index.php:6
[04-Jul-2018 15:33:46 UTC] PHP Warning:  Missing argument 2 for getImageURLs(), called in /home/ubuntu/workspace/cst336/labs/lab3/index.php on line 6 and defined in /home/ubuntu/workspace/cst336/labs/lab3/api/pixabayAPI.php on line 4
[04-Jul-2018 15:33:46 UTC] PHP Stack trace:
[04-Jul-2018 15:33:46 UTC] PHP   1. {main}() /home/ubuntu/workspace/cst336/labs/lab3/index.php:0
[04-Jul-2018 15:33:46 UTC] PHP   2. getImageURLs() /home/ubuntu/workspace/cst336/labs/lab3/index.php:6
[04-Jul-2018 15:33:51 UTC] PHP Warning:  Missing argument 2 for getImageURLs(), called in /home/ubuntu/workspace/cst336/labs/lab3/index.php on line 6 and defined in /home/ubuntu/workspace/cst336/labs/lab3/api/pixabayAPI.php on line 4
[04-Jul-2018 15:33:51 UTC] PHP Stack trace:
[04-Jul-2018 15:33:51 UTC] PHP   1. {main}() /home/ubuntu/workspace/cst336/labs/lab3/index.php:0
[04-Jul-2018 15:33:51 UTC] PHP   2. getImageURLs() /home/ubuntu/workspace/cst336/labs/lab3/index.php:6
[04-Jul-2018 15:35:35 UTC] PHP Warning:  Missing argument 2 for getImageURLs(), called in /home/ubuntu/workspace/cst336/labs/lab3/index.php on line 6 and defined in /home/ubuntu/workspace/cst336/labs/lab3/api/pixabayAPI.php on line 4
[04-Jul-2018 15:35:35 UTC] PHP Stack trace:
[04-Jul-2018 15:35:35 UTC] PHP   1. {main}() /home/ubuntu/workspace/cst336/labs/lab3/index.php:0
[04-Jul-2018 15:35:35 UTC] PHP   2. getImageURLs() /home/ubuntu/workspace/cst336/labs/lab3/index.php:6
[04-Jul-2018 15:35:40 UTC] PHP Warning:  Missing argument 2 for getImageURLs(), called in /home/ubuntu/workspace/cst336/labs/lab3/index.php on line 6 and defined in /home/ubuntu/workspace/cst336/labs/lab3/api/pixabayAPI.php on line 4
[04-Jul-2018 15:35:40 UTC] PHP Stack trace:
[04-Jul-2018 15:35:40 UTC] PHP   1. {main}() /home/ubuntu/workspace/cst336/labs/lab3/index.php:0
[04-Jul-2018 15:35:40 UTC] PHP   2. getImageURLs() /home/ubuntu/workspace/cst336/labs/lab3/index.php:6
[04-Jul-2018 16:11:12 UTC] PHP Fatal error:  Maximum execution time of 300 seconds exceeded in /home/ubuntu/workspace/cst336/labs/lab3/index.php on line 49
[04-Jul-2018 16:11:12 UTC] PHP Stack trace:
[04-Jul-2018 16:11:12 UTC] PHP   1. {main}() /home/ubuntu/workspace/cst336/labs/lab3/index.php:0
[04-Jul-2018 16:12:53 UTC] PHP Fatal error:  Maximum execution time of 300 seconds exceeded in /home/ubuntu/workspace/cst336/labs/lab3/index.php on line 49
[04-Jul-2018 16:12:53 UTC] PHP Stack trace:
[04-Jul-2018 16:12:53 UTC] PHP   1. {main}() /home/ubuntu/workspace/cst336/labs/lab3/index.php:0
[04-Jul-2018 16:18:00 UTC] PHP Fatal error:  Maximum execution time of 300 seconds exceeded in /home/ubuntu/workspace/cst336/labs/lab3/index.php on line 49
[04-Jul-2018 16:18:00 UTC] PHP Stack trace:
[04-Jul-2018 16:18:00 UTC] PHP   1. {main}() /home/ubuntu/workspace/cst336/labs/lab3/index.php:0
[04-Jul-2018 16:18:56 UTC] PHP Fatal error:  Maximum execution time of 300 seconds exceeded in /home/ubuntu/workspace/cst336/labs/lab3/index.php on line 49
[04-Jul-2018 16:18:56 UTC] PHP Stack trace:
[04-Jul-2018 16:18:56 UTC] PHP   1. {main}() /home/ubuntu/workspace/cst336/labs/lab3/index.php:0
[04-Jul-2018 16:25:16 UTC] PHP Fatal error:  Maximum execution time of 300 seconds exceeded in /home/ubuntu/workspace/cst336/labs/lab3/index.php on line 49
[04-Jul-2018 16:25:16 UTC] PHP Stack trace:
[04-Jul-2018 16:25:16 UTC] PHP   1. {main}() /home/ubuntu/workspace/cst336/labs/lab3/index.php:0
[04-Jul-2018 16:25:52 UTC] PHP Fatal error:  Maximum execution time of 300 seconds exceeded in /home/ubuntu/workspace/cst336/labs/lab3/index.php on line 49
[04-Jul-2018 16:25:52 UTC] PHP Stack trace:
[04-Jul-2018 16:25:52 UTC] PHP   1. {main}() /home/ubuntu/workspace/cst336/labs/lab3/index.php:0
[05-Jul-2018 21:40:39 UTC] PHP Warning:  include(function.php): failed to open stream: No such file or directory in /home/ubuntu/workspace/cst336/labs/lab4/index.php on line 2
[05-Jul-2018 21:40:39 UTC] PHP Stack trace:
[05-Jul-2018 21:40:39 UTC] PHP   1. {main}() /home/ubuntu/workspace/cst336/labs/lab4/index.php:0
[05-Jul-2018 21:40:39 UTC] PHP Warning:  include(): Failed opening 'function.php' for inclusion (include_path='.:/usr/share/php:/usr/share/pear') in /home/ubuntu/workspace/cst336/labs/lab4/index.php on line 2
[05-Jul-2018 21:40:39 UTC] PHP Stack trace:
[05-Jul-2018 21:40:39 UTC] PHP   1. {main}() /home/ubuntu/workspace/cst336/labs/lab4/index.php:0
[05-Jul-2018 21:40:39 UTC] PHP Fatal error:  Call to undefined function displayResults() in /home/ubuntu/workspace/cst336/labs/lab4/index.php on line 52
[05-Jul-2018 21:40:39 UTC] PHP Stack trace:
[05-Jul-2018 21:40:39 UTC] PHP   1. {main}() /home/ubuntu/workspace/cst336/labs/lab4/index.php:0
[06-Jul-2018 21:22:58 UTC] PHP Warning:  include(function.php): failed to open stream: No such file or directory in /home/ubuntu/workspace/cst336/labs/lab4/index.php on line 2
[06-Jul-2018 21:22:58 UTC] PHP Stack trace:
[06-Jul-2018 21:22:58 UTC] PHP   1. {main}() /home/ubuntu/workspace/cst336/labs/lab4/index.php:0
[06-Jul-2018 21:22:58 UTC] PHP Warning:  include(): Failed opening 'function.php' for inclusion (include_path='.:/usr/share/php:/usr/share/pear') in /home/ubuntu/workspace/cst336/labs/lab4/index.php on line 2
[06-Jul-2018 21:22:58 UTC] PHP Stack trace:
[06-Jul-2018 21:22:58 UTC] PHP   1. {main}() /home/ubuntu/workspace/cst336/labs/lab4/index.php:0
[06-Jul-2018 21:23:01 UTC] PHP Fatal error:  Call to undefined function displayResults() in /home/ubuntu/workspace/cst336/labs/lab4/index.php on line 88
[06-Jul-2018 21:23:01 UTC] PHP Stack trace:
[06-Jul-2018 21:23:01 UTC] PHP   1. {main}() /home/ubuntu/workspace/cst336/labs/lab4/index.php:0
[06-Jul-2018 21:23:12 UTC] PHP Warning:  include(function.php): failed to open stream: No such file or directory in /home/ubuntu/workspace/cst336/labs/lab4/index.php on line 2
[06-Jul-2018 21:23:12 UTC] PHP Stack trace:
[06-Jul-2018 21:23:12 UTC] PHP   1. {main}() /home/ubuntu/workspace/cst336/labs/lab4/index.php:0
[06-Jul-2018 21:23:12 UTC] PHP Warning:  include(): Failed opening 'function.php' for inclusion (include_path='.:/usr/share/php:/usr/share/pear') in /home/ubuntu/workspace/cst336/labs/lab4/index.php on line 2
[06-Jul-2018 21:23:12 UTC] PHP Stack trace:
[06-Jul-2018 21:23:12 UTC] PHP   1. {main}() /home/ubuntu/workspace/cst336/labs/lab4/index.php:0
[06-Jul-2018 21:23:13 UTC] PHP Fatal error:  Call to undefined function displayResults() in /home/ubuntu/workspace/cst336/labs/lab4/index.php on line 88
[06-Jul-2018 21:23:13 UTC] PHP Stack trace:
[06-Jul-2018 21:23:13 UTC] PHP   1. {main}() /home/ubuntu/workspace/cst336/labs/lab4/index.php:0
[06-Jul-2018 21:23:28 UTC] PHP Warning:  include(function.php): failed to open stream: No such file or directory in /home/ubuntu/workspace/cst336/labs/lab4/index.php on line 2
[06-Jul-2018 21:23:28 UTC] PHP Stack trace:
[06-Jul-2018 21:23:28 UTC] PHP   1. {main}() /home/ubuntu/workspace/cst336/labs/lab4/index.php:0
[06-Jul-2018 21:23:28 UTC] PHP Warning:  include(): Failed opening 'function.php' for inclusion (include_path='.:/usr/share/php:/usr/share/pear') in /home/ubuntu/workspace/cst336/labs/lab4/index.php on line 2
[06-Jul-2018 21:23:28 UTC] PHP Stack trace:
[06-Jul-2018 21:23:28 UTC] PHP   1. {main}() /home/ubuntu/workspace/cst336/labs/lab4/index.php:0
[06-Jul-2018 21:23:28 UTC] PHP Fatal error:  Call to undefined function displayResults() in /home/ubuntu/workspace/cst336/labs/lab4/index.php on line 88
[06-Jul-2018 21:23:28 UTC] PHP Stack trace:
[06-Jul-2018 21:23:28 UTC] PHP   1. {main}() /home/ubuntu/workspace/cst336/labs/lab4/index.php:0
[06-Jul-2018 21:56:01 UTC] PHP Warning:  include(function.php): failed to open stream: No such file or directory in /home/ubuntu/workspace/cst336/labs/lab4/index.php on line 2
[06-Jul-2018 21:56:01 UTC] PHP Stack trace:
[06-Jul-2018 21:56:01 UTC] PHP   1. {main}() /home/ubuntu/workspace/cst336/labs/lab4/index.php:0
[06-Jul-2018 21:56:01 UTC] PHP Warning:  include(): Failed opening 'function.php' for inclusion (include_path='.:/usr/share/php:/usr/share/pear') in /home/ubuntu/workspace/cst336/labs/lab4/index.php on line 2
[06-Jul-2018 21:56:01 UTC] PHP Stack trace:
[06-Jul-2018 21:56:01 UTC] PHP   1. {main}() /home/ubuntu/workspace/cst336/labs/lab4/index.php:0
[06-Jul-2018 21:56:01 UTC] PHP Fatal error:  Call to undefined function displayResults() in /home/ubuntu/workspace/cst336/labs/lab4/index.php on line 88
[06-Jul-2018 21:56:01 UTC] PHP Stack trace:
[06-Jul-2018 21:56:01 UTC] PHP   1. {main}() /home/ubuntu/workspace/cst336/labs/lab4/index.php:0
[10-Jul-2018 00:30:30 UTC] PHP Warning:  PDO::__construct(): php_network_getaddresses: getaddrinfo failed: Name or service not known in /home/ubuntu/workspace/cst336/labs/lab5/dbConnection.php on line 11
[10-Jul-2018 00:30:30 UTC] PHP Stack trace:
[10-Jul-2018 00:30:30 UTC] PHP   1. {main}() /home/ubuntu/workspace/cst336/labs/lab5/index.php:0
[10-Jul-2018 00:30:30 UTC] PHP   2. getDatabaseConnection() /home/ubuntu/workspace/cst336/labs/lab5/index.php:4
[10-Jul-2018 00:30:30 UTC] PHP   3. PDO->__construct() /home/ubuntu/workspace/cst336/labs/lab5/dbConnection.php:11
[10-Jul-2018 00:30:30 UTC] PHP Fatal error:  Uncaught exception 'PDOException' with message 'SQLSTATE[HY000] [2002] php_network_getaddresses: getaddrinfo failed: Name or service not known' in /home/ubuntu/workspace/cst336/labs/lab5/dbConnection.php:11
Stack trace:
#0 /home/ubuntu/workspace/cst336/labs/lab5/dbConnection.php(11): PDO->__construct('mysql:host=http...')
#1 /home/ubuntu/workspace/cst336/labs/lab5/index.php(4): getDatabaseConnection('ottermart')
#2 {main}
  thrown in /home/ubuntu/workspace/cst336/labs/lab5/dbConnection.php on line 11
[10-Jul-2018 00:58:58 UTC] PHP Warning:  PDO::__construct(): php_network_getaddresses: getaddrinfo failed: Name or service not known in /home/ubuntu/workspace/cst336/labs/lab5/dbConnection.php on line 11
[10-Jul-2018 00:58:58 UTC] PHP Stack trace:
[10-Jul-2018 00:58:58 UTC] PHP   1. {main}() /home/ubuntu/workspace/cst336/labs/lab5/index.php:0
[10-Jul-2018 00:58:58 UTC] PHP   2. getDatabaseConnection() /home/ubuntu/workspace/cst336/labs/lab5/index.php:4
[10-Jul-2018 00:58:58 UTC] PHP   3. PDO->__construct() /home/ubuntu/workspace/cst336/labs/lab5/dbConnection.php:11
[10-Jul-2018 00:58:58 UTC] PHP Fatal error:  Uncaught exception 'PDOException' with message 'SQLSTATE[HY000] [2002] php_network_getaddresses: getaddrinfo failed: Name or service not known' in /home/ubuntu/workspace/cst336/labs/lab5/dbConnection.php:11
Stack trace:
#0 /home/ubuntu/workspace/cst336/labs/lab5/dbConnection.php(11): PDO->__construct('mysql:host=http...')
#1 /home/ubuntu/workspace/cst336/labs/lab5/index.php(4): getDatabaseConnection('ottermart')
#2 {main}
  thrown in /home/ubuntu/workspace/cst336/labs/lab5/dbConnection.php on line 11
[10-Jul-2018 00:58:59 UTC] PHP Warning:  PDO::__construct(): php_network_getaddresses: getaddrinfo failed: Name or service not known in /home/ubuntu/workspace/cst336/labs/lab5/dbConnection.php on line 11
[10-Jul-2018 00:58:59 UTC] PHP Stack trace:
[10-Jul-2018 00:58:59 UTC] PHP   1. {main}() /home/ubuntu/workspace/cst336/labs/lab5/index.php:0
[10-Jul-2018 00:58:59 UTC] PHP   2. getDatabaseConnection() /home/ubuntu/workspace/cst336/labs/lab5/index.php:4
[10-Jul-2018 00:58:59 UTC] PHP   3. PDO->__construct() /home/ubuntu/workspace/cst336/labs/lab5/dbConnection.php:11
[10-Jul-2018 00:58:59 UTC] PHP Fatal error:  Uncaught exception 'PDOException' with message 'SQLSTATE[HY000] [2002] php_network_getaddresses: getaddrinfo failed: Name or service not known' in /home/ubuntu/workspace/cst336/labs/lab5/dbConnection.php:11
Stack trace:
#0 /home/ubuntu/workspace/cst336/labs/lab5/dbConnection.php(11): PDO->__construct('mysql:host=http...')
#1 /home/ubuntu/workspace/cst336/labs/lab5/index.php(4): getDatabaseConnection('ottermart')
#2 {main}
  thrown in /home/ubuntu/workspace/cst336/labs/lab5/dbConnection.php on line 11
[10-Jul-2018 00:59:00 UTC] PHP Warning:  PDO::__construct(): php_network_getaddresses: getaddrinfo failed: Name or service not known in /home/ubuntu/workspace/cst336/labs/lab5/dbConnection.php on line 11
[10-Jul-2018 00:59:00 UTC] PHP Stack trace:
[10-Jul-2018 00:59:00 UTC] PHP   1. {main}() /home/ubuntu/workspace/cst336/labs/lab5/index.php:0
[10-Jul-2018 00:59:00 UTC] PHP   2. getDatabaseConnection() /home/ubuntu/workspace/cst336/labs/lab5/index.php:4
[10-Jul-2018 00:59:00 UTC] PHP   3. PDO->__construct() /home/ubuntu/workspace/cst336/labs/lab5/dbConnection.php:11
[10-Jul-2018 00:59:00 UTC] PHP Fatal error:  Uncaught exception 'PDOException' with message 'SQLSTATE[HY000] [2002] php_network_getaddresses: getaddrinfo failed: Name or service not known' in /home/ubuntu/workspace/cst336/labs/lab5/dbConnection.php:11
Stack trace:
#0 /home/ubuntu/workspace/cst336/labs/lab5/dbConnection.php(11): PDO->__construct('mysql:host=http...')
#1 /home/ubuntu/workspace/cst336/labs/lab5/index.php(4): getDatabaseConnection('ottermart')
#2 {main}
  thrown in /home/ubuntu/workspace/cst336/labs/lab5/dbConnection.php on line 11
[10-Jul-2018 00:59:02 UTC] PHP Warning:  PDO::__construct(): php_network_getaddresses: getaddrinfo failed: Name or service not known in /home/ubuntu/workspace/cst336/labs/lab5/dbConnection.php on line 11
[10-Jul-2018 00:59:02 UTC] PHP Stack trace:
[10-Jul-2018 00:59:02 UTC] PHP   1. {main}() /home/ubuntu/workspace/cst336/labs/lab5/index.php:0
[10-Jul-2018 00:59:02 UTC] PHP   2. getDatabaseConnection() /home/ubuntu/workspace/cst336/labs/lab5/index.php:4
[10-Jul-2018 00:59:02 UTC] PHP   3. PDO->__construct() /home/ubuntu/workspace/cst336/labs/lab5/dbConnection.php:11
[10-Jul-2018 00:59:02 UTC] PHP Fatal error:  Uncaught exception 'PDOException' with message 'SQLSTATE[HY000] [2002] php_network_getaddresses: getaddrinfo failed: Name or service not known' in /home/ubuntu/workspace/cst336/labs/lab5/dbConnection.php:11
Stack trace:
#0 /home/ubuntu/workspace/cst336/labs/lab5/dbConnection.php(11): PDO->__construct('mysql:host=http...')
#1 /home/ubuntu/workspace/cst336/labs/lab5/index.php(4): getDatabaseConnection('ottermart')
#2 {main}
  thrown in /home/ubuntu/workspace/cst336/labs/lab5/dbConnection.php on line 11
[10-Jul-2018 00:59:46 UTC] PHP Fatal error:  Uncaught exception 'PDOException' with message 'SQLSTATE[HY000] [1045] Access denied for user ''@'localhost' (using password: NO)' in /home/ubuntu/workspace/cst336/labs/lab5/dbConnection.php:11
Stack trace:
#0 /home/ubuntu/workspace/cst336/labs/lab5/dbConnection.php(11): PDO->__construct('mysql:host=loca...')
#1 /home/ubuntu/workspace/cst336/labs/lab5/index.php(4): getDatabaseConnection('ottermart')
#2 {main}
  thrown in /home/ubuntu/workspace/cst336/labs/lab5/dbConnection.php on line 11
[10-Jul-2018 01:00:03 UTC] PHP Warning:  PDO::__construct(): php_network_getaddresses: getaddrinfo failed: Name or service not known in /home/ubuntu/workspace/cst336/labs/lab5/dbConnection.php on line 11
[10-Jul-2018 01:00:03 UTC] PHP Stack trace:
[10-Jul-2018 01:00:03 UTC] PHP   1. {main}() /home/ubuntu/workspace/cst336/labs/lab5/index.php:0
[10-Jul-2018 01:00:03 UTC] PHP   2. getDatabaseConnection() /home/ubuntu/workspace/cst336/labs/lab5/index.php:4
[10-Jul-2018 01:00:03 UTC] PHP   3. PDO->__construct() /home/ubuntu/workspace/cst336/labs/lab5/dbConnection.php:11
[10-Jul-2018 01:00:03 UTC] PHP Fatal error:  Uncaught exception 'PDOException' with message 'SQLSTATE[HY000] [2002] php_network_getaddresses: getaddrinfo failed: Name or service not known' in /home/ubuntu/workspace/cst336/labs/lab5/dbConnection.php:11
Stack trace:
#0 /home/ubuntu/workspace/cst336/labs/lab5/dbConnection.php(11): PDO->__construct('mysql:host=loca...')
#1 /home/ubuntu/workspace/cst336/labs/lab5/index.php(4): getDatabaseConnection('ottermart')
#2 {main}
  thrown in /home/ubuntu/workspace/cst336/labs/lab5/dbConnection.php on line 11
[10-Jul-2018 01:01:57 UTC] PHP Warning:  PDO::__construct(): php_network_getaddresses: getaddrinfo failed: Name or service not known in /home/ubuntu/workspace/cst336/labs/lab5/dbConnection.php on line 11
[10-Jul-2018 01:01:57 UTC] PHP Stack trace:
[10-Jul-2018 01:01:57 UTC] PHP   1. {main}() /home/ubuntu/workspace/cst336/labs/lab5/index.php:0
[10-Jul-2018 01:01:57 UTC] PHP   2. getDatabaseConnection() /home/ubuntu/workspace/cst336/labs/lab5/index.php:4
[10-Jul-2018 01:01:57 UTC] PHP   3. PDO->__construct() /home/ubuntu/workspace/cst336/labs/lab5/dbConnection.php:11
[10-Jul-2018 01:01:57 UTC] PHP Fatal error:  Uncaught exception 'PDOException' with message 'SQLSTATE[HY000] [2002] php_network_getaddresses: getaddrinfo failed: Name or service not known' in /home/ubuntu/workspace/cst336/labs/lab5/dbConnection.php:11
Stack trace:
#0 /home/ubuntu/workspace/cst336/labs/lab5/dbConnection.php(11): PDO->__construct('mysql:host=http...')
#1 /home/ubuntu/workspace/cst336/labs/lab5/index.php(4): getDatabaseConnection('ottermart')
#2 {main}
  thrown in /home/ubuntu/workspace/cst336/labs/lab5/dbConnection.php on line 11
[10-Jul-2018 01:07:28 UTC] PHP Warning:  PDO::__construct(): php_network_getaddresses: getaddrinfo failed: Name or service not known in /home/ubuntu/workspace/cst336/labs/lab5/dbConnection.php on line 11
[10-Jul-2018 01:07:28 UTC] PHP Stack trace:
[10-Jul-2018 01:07:28 UTC] PHP   1. {main}() /home/ubuntu/workspace/cst336/labs/lab5/index.php:0
[10-Jul-2018 01:07:28 UTC] PHP   2. getDatabaseConnection() /home/ubuntu/workspace/cst336/labs/lab5/index.php:4
[10-Jul-2018 01:07:28 UTC] PHP   3. PDO->__construct() /home/ubuntu/workspace/cst336/labs/lab5/dbConnection.php:11
[10-Jul-2018 01:07:28 UTC] PHP Fatal error:  Uncaught exception 'PDOException' with message 'SQLSTATE[HY000] [2002] php_network_getaddresses: getaddrinfo failed: Name or service not known' in /home/ubuntu/workspace/cst336/labs/lab5/dbConnection.php:11
Stack trace:
#0 /home/ubuntu/workspace/cst336/labs/lab5/dbConnection.php(11): PDO->__construct('mysql:host=http...', 'yojiang', '')
#1 /home/ubuntu/workspace/cst336/labs/lab5/index.php(4): getDatabaseConnection('ottermart')
#2 {main}
  thrown in /home/ubuntu/workspace/cst336/labs/lab5/dbConnection.php on line 11
[10-Jul-2018 01:07:30 UTC] PHP Warning:  PDO::__construct(): php_network_getaddresses: getaddrinfo failed: Name or service not known in /home/ubuntu/workspace/cst336/labs/lab5/dbConnection.php on line 11
[10-Jul-2018 01:07:30 UTC] PHP Stack trace:
[10-Jul-2018 01:07:30 UTC] PHP   1. {main}() /home/ubuntu/workspace/cst336/labs/lab5/index.php:0
[10-Jul-2018 01:07:30 UTC] PHP   2. getDatabaseConnection() /home/ubuntu/workspace/cst336/labs/lab5/index.php:4
[10-Jul-2018 01:07:30 UTC] PHP   3. PDO->__construct() /home/ubuntu/workspace/cst336/labs/lab5/dbConnection.php:11
[10-Jul-2018 01:07:30 UTC] PHP Fatal error:  Uncaught exception 'PDOException' with message 'SQLSTATE[HY000] [2002] php_network_getaddresses: getaddrinfo failed: Name or service not known' in /home/ubuntu/workspace/cst336/labs/lab5/dbConnection.php:11
Stack trace:
#0 /home/ubuntu/workspace/cst336/labs/lab5/dbConnection.php(11): PDO->__construct('mysql:host=http...', 'yojiang', '')
#1 /home/ubuntu/workspace/cst336/labs/lab5/index.php(4): getDatabaseConnection('ottermart')
#2 {main}
  thrown in /home/ubuntu/workspace/cst336/labs/lab5/dbConnection.php on line 11
[10-Jul-2018 01:09:42 UTC] PHP Warning:  PDO::__construct(): php_network_getaddresses: getaddrinfo failed: Name or service not known in /home/ubuntu/workspace/cst336/labs/lab5/dbConnection.php on line 11
[10-Jul-2018 01:09:42 UTC] PHP Stack trace:
[10-Jul-2018 01:09:42 UTC] PHP   1. {main}() /home/ubuntu/workspace/cst336/labs/lab5/index.php:0
[10-Jul-2018 01:09:42 UTC] PHP   2. getDatabaseConnection() /home/ubuntu/workspace/cst336/labs/lab5/index.php:4
[10-Jul-2018 01:09:42 UTC] PHP   3. PDO->__construct() /home/ubuntu/workspace/cst336/labs/lab5/dbConnection.php:11
[10-Jul-2018 01:09:42 UTC] PHP Fatal error:  Uncaught exception 'PDOException' with message 'SQLSTATE[HY000] [2002] php_network_getaddresses: getaddrinfo failed: Name or service not known' in /home/ubuntu/workspace/cst336/labs/lab5/dbConnection.php:11
Stack trace:
#0 /home/ubuntu/workspace/cst336/labs/lab5/dbConnection.php(11): PDO->__construct('mysql:host=http...', 'yojiang', '')
#1 /home/ubuntu/workspace/cst336/labs/lab5/index.php(4): getDatabaseConnection('ottermart')
#2 {main}
  thrown in /home/ubuntu/workspace/cst336/labs/lab5/dbConnection.php on line 11
[10-Jul-2018 01:09:45 UTC] PHP Warning:  PDO::__construct(): php_network_getaddresses: getaddrinfo failed: Name or service not known in /home/ubuntu/workspace/cst336/labs/lab5/dbConnection.php on line 11
[10-Jul-2018 01:09:45 UTC] PHP Stack trace:
[10-Jul-2018 01:09:45 UTC] PHP   1. {main}() /home/ubuntu/workspace/cst336/labs/lab5/index.php:0
[10-Jul-2018 01:09:45 UTC] PHP   2. getDatabaseConnection() /home/ubuntu/workspace/cst336/labs/lab5/index.php:4
[10-Jul-2018 01:09:45 UTC] PHP   3. PDO->__construct() /home/ubuntu/workspace/cst336/labs/lab5/dbConnection.php:11
[10-Jul-2018 01:09:45 UTC] PHP Fatal error:  Uncaught exception 'PDOException' with message 'SQLSTATE[HY000] [2002] php_network_getaddresses: getaddrinfo failed: Name or service not known' in /home/ubuntu/workspace/cst336/labs/lab5/dbConnection.php:11
Stack trace:
#0 /home/ubuntu/workspace/cst336/labs/lab5/dbConnection.php(11): PDO->__construct('mysql:host=http...', 'yojiang', '')
#1 /home/ubuntu/workspace/cst336/labs/lab5/index.php(4): getDatabaseConnection('ottermart')
#2 {main}
  thrown in /home/ubuntu/workspace/cst336/labs/lab5/dbConnection.php on line 11
[10-Jul-2018 01:13:09 UTC] PHP Warning:  include(../dbConnection.php): failed to open stream: No such file or directory in /home/ubuntu/workspace/cst336/labs/lab5/index.php on line 2
[10-Jul-2018 01:13:09 UTC] PHP Stack trace:
[10-Jul-2018 01:13:09 UTC] PHP   1. {main}() /home/ubuntu/workspace/cst336/labs/lab5/index.php:0
[10-Jul-2018 01:13:09 UTC] PHP Warning:  include(): Failed opening '../dbConnection.php' for inclusion (include_path='.:/usr/share/php:/usr/share/pear') in /home/ubuntu/workspace/cst336/labs/lab5/index.php on line 2
[10-Jul-2018 01:13:09 UTC] PHP Stack trace:
[10-Jul-2018 01:13:09 UTC] PHP   1. {main}() /home/ubuntu/workspace/cst336/labs/lab5/index.php:0
[10-Jul-2018 01:13:09 UTC] PHP Fatal error:  Call to undefined function getDatabaseConnection() in /home/ubuntu/workspace/cst336/labs/lab5/index.php on line 4
[10-Jul-2018 01:13:09 UTC] PHP Stack trace:
[10-Jul-2018 01:13:09 UTC] PHP   1. {main}() /home/ubuntu/workspace/cst336/labs/lab5/index.php:0
[10-Jul-2018 01:13:23 UTC] PHP Warning:  PDO::__construct(): php_network_getaddresses: getaddrinfo failed: Name or service not known in /home/ubuntu/workspace/cst336/labs/lab5/dbConnection.php on line 11
[10-Jul-2018 01:13:23 UTC] PHP Stack trace:
[10-Jul-2018 01:13:23 UTC] PHP   1. {main}() /home/ubuntu/workspace/cst336/labs/lab5/index.php:0
[10-Jul-2018 01:13:23 UTC] PHP   2. getDatabaseConnection() /home/ubuntu/workspace/cst336/labs/lab5/index.php:4
[10-Jul-2018 01:13:23 UTC] PHP   3. PDO->__construct() /home/ubuntu/workspace/cst336/labs/lab5/dbConnection.php:11
[10-Jul-2018 01:13:23 UTC] PHP Fatal error:  Uncaught exception 'PDOException' with message 'SQLSTATE[HY000] [2002] php_network_getaddresses: getaddrinfo failed: Name or service not known' in /home/ubuntu/workspace/cst336/labs/lab5/dbConnection.php:11
Stack trace:
#0 /home/ubuntu/workspace/cst336/labs/lab5/dbConnection.php(11): PDO->__construct('mysql:host=http...', 'yojiang', '')
#1 /home/ubuntu/workspace/cst336/labs/lab5/index.php(4): getDatabaseConnection('ottermart')
#2 {main}
  thrown in /home/ubuntu/workspace/cst336/labs/lab5/dbConnection.php on line 11
[10-Jul-2018 21:13:37 UTC] PHP Warning:  PDO::__construct(): php_network_getaddresses: getaddrinfo failed: Name or service not known in /home/ubuntu/workspace/cst336/labs/lab5/dbConnection.php on line 11
[10-Jul-2018 21:13:37 UTC] PHP Stack trace:
[10-Jul-2018 21:13:37 UTC] PHP   1. {main}() /home/ubuntu/workspace/cst336/labs/lab5/index.php:0
[10-Jul-2018 21:13:37 UTC] PHP   2. getDatabaseConnection() /home/ubuntu/workspace/cst336/labs/lab5/index.php:4
[10-Jul-2018 21:13:37 UTC] PHP   3. PDO->__construct() /home/ubuntu/workspace/cst336/labs/lab5/dbConnection.php:11
[10-Jul-2018 21:13:37 UTC] PHP Fatal error:  Uncaught exception 'PDOException' with message 'SQLSTATE[HY000] [2002] php_network_getaddresses: getaddrinfo failed: Name or service not known' in /home/ubuntu/workspace/cst336/labs/lab5/dbConnection.php:11
Stack trace:
#0 /home/ubuntu/workspace/cst336/labs/lab5/dbConnection.php(11): PDO->__construct('mysql:host=http...', 'yojiang', '')
#1 /home/ubuntu/workspace/cst336/labs/lab5/index.php(4): getDatabaseConnection('ottermart')
#2 {main}
  thrown in /home/ubuntu/workspace/cst336/labs/lab5/dbConnection.php on line 11
[10-Jul-2018 21:31:10 UTC] PHP Warning:  PDO::__construct(): php_network_getaddresses: getaddrinfo failed: Name or service not known in /home/ubuntu/workspace/cst336/labs/lab5/dbConnection.php on line 11
[10-Jul-2018 21:31:10 UTC] PHP Stack trace:
[10-Jul-2018 21:31:10 UTC] PHP   1. {main}() /home/ubuntu/workspace/cst336/labs/lab5/index.php:0
[10-Jul-2018 21:31:10 UTC] PHP   2. getDatabaseConnection() /home/ubuntu/workspace/cst336/labs/lab5/index.php:4
[10-Jul-2018 21:31:10 UTC] PHP   3. PDO->__construct() /home/ubuntu/workspace/cst336/labs/lab5/dbConnection.php:11
[10-Jul-2018 21:31:10 UTC] PHP Fatal error:  Uncaught exception 'PDOException' with message 'SQLSTATE[HY000] [2002] php_network_getaddresses: getaddrinfo failed: Name or service not known' in /home/ubuntu/workspace/cst336/labs/lab5/dbConnection.php:11
Stack trace:
#0 /home/ubuntu/workspace/cst336/labs/lab5/dbConnection.php(11): PDO->__construct('mysql:host=http...', 'yojiang', '')
#1 /home/ubuntu/workspace/cst336/labs/lab5/index.php(4): getDatabaseConnection('ottermart')
#2 {main}
  thrown in /home/ubuntu/workspace/cst336/labs/lab5/dbConnection.php on line 11
[10-Jul-2018 21:36:41 UTC] PHP Warning:  PDO::__construct(): php_network_getaddresses: getaddrinfo failed: Name or service not known in /home/ubuntu/workspace/cst336/labs/lab5/dbConnection.php on line 11
[10-Jul-2018 21:36:41 UTC] PHP Stack trace:
[10-Jul-2018 21:36:41 UTC] PHP   1. {main}() /home/ubuntu/workspace/cst336/labs/lab5/index.php:0
[10-Jul-2018 21:36:41 UTC] PHP   2. getDatabaseConnection() /home/ubuntu/workspace/cst336/labs/lab5/index.php:4
[10-Jul-2018 21:36:41 UTC] PHP   3. PDO->__construct() /home/ubuntu/workspace/cst336/labs/lab5/dbConnection.php:11
[10-Jul-2018 21:36:41 UTC] PHP Fatal error:  Uncaught exception 'PDOException' with message 'SQLSTATE[HY000] [2002] php_network_getaddresses: getaddrinfo failed: Name or service not known' in /home/ubuntu/workspace/cst336/labs/lab5/dbConnection.php:11
Stack trace:
#0 /home/ubuntu/workspace/cst336/labs/lab5/dbConnection.php(11): PDO->__construct('mysql:host=yoji...', 'yojiang', '')
#1 /home/ubuntu/workspace/cst336/labs/lab5/index.php(4): getDatabaseConnection('ottermart')
#2 {main}
  thrown in /home/ubuntu/workspace/cst336/labs/lab5/dbConnection.php on line 11
[10-Jul-2018 21:38:03 UTC] PHP Fatal error:  Uncaught exception 'PDOException' with message 'SQLSTATE[HY000] [2002] Connection timed out' in /home/ubuntu/workspace/cst336/labs/lab5/dbConnection.php:11
Stack trace:
#0 /home/ubuntu/workspace/cst336/labs/lab5/dbConnection.php(11): PDO->__construct('mysql:host=yoji...', 'yojiang', '')
#1 /home/ubuntu/workspace/cst336/labs/lab5/index.php(4): getDatabaseConnection('ottermart')
#2 {main}
  thrown in /home/ubuntu/workspace/cst336/labs/lab5/dbConnection.php on line 11
[10-Jul-2018 21:38:22 UTC] PHP Fatal error:  Uncaught exception 'PDOException' with message 'SQLSTATE[42000]: Syntax error or access violation: 1065 Query was empty' in /home/ubuntu/workspace/cst336/labs/lab5/index.php:37
Stack trace:
#0 /home/ubuntu/workspace/cst336/labs/lab5/index.php(37): PDOStatement->execute(NULL)
#1 /home/ubuntu/workspace/cst336/labs/lab5/index.php(89): displaySearchResults()
#2 {main}
  thrown in /home/ubuntu/workspace/cst336/labs/lab5/index.php on line 37
[10-Jul-2018 21:38:26 UTC] PHP Fatal error:  Uncaught exception 'PDOException' with message 'SQLSTATE[42000]: Syntax error or access violation: 1065 Query was empty' in /home/ubuntu/workspace/cst336/labs/lab5/index.php:37
Stack trace:
#0 /home/ubuntu/workspace/cst336/labs/lab5/index.php(37): PDOStatement->execute(NULL)
#1 /home/ubuntu/workspace/cst336/labs/lab5/index.php(89): displaySearchResults()
#2 {main}
  thrown in /home/ubuntu/workspace/cst336/labs/lab5/index.php on line 37
[10-Jul-2018 21:39:03 UTC] PHP Fatal error:  Uncaught exception 'PDOException' with message 'SQLSTATE[HY000] [2002] Connection timed out' in /home/ubuntu/workspace/cst336/labs/lab5/dbConnection.php:11
Stack trace:
#0 /home/ubuntu/workspace/cst336/labs/lab5/dbConnection.php(11): PDO->__construct('mysql:host=yoji...', 'yojiang', '')
#1 /home/ubuntu/workspace/cst336/labs/lab5/index.php(4): getDatabaseConnection('ottermart')
#2 {main}
  thrown in /home/ubuntu/workspace/cst336/labs/lab5/dbConnection.php on line 11
[10-Jul-2018 21:40:10 UTC] PHP Fatal error:  Uncaught exception 'PDOException' with message 'SQLSTATE[42000]: Syntax error or access violation: 1065 Query was empty' in /home/ubuntu/workspace/cst336/labs/lab5/index.php:37
Stack trace:
#0 /home/ubuntu/workspace/cst336/labs/lab5/index.php(37): PDOStatement->execute(NULL)
#1 /home/ubuntu/workspace/cst336/labs/lab5/index.php(89): displaySearchResults()
#2 {main}
  thrown in /home/ubuntu/workspace/cst336/labs/lab5/index.php on line 37
[10-Jul-2018 21:40:21 UTC] PHP Fatal error:  Uncaught exception 'PDOException' with message 'SQLSTATE[42000]: Syntax error or access violation: 1065 Query was empty' in /home/ubuntu/workspace/cst336/labs/lab5/index.php:37
Stack trace:
#0 /home/ubuntu/workspace/cst336/labs/lab5/index.php(37): PDOStatement->execute(NULL)
#1 /home/ubuntu/workspace/cst336/labs/lab5/index.php(89): displaySearchResults()
#2 {main}
  thrown in /home/ubuntu/workspace/cst336/labs/lab5/index.php on line 37
[10-Jul-2018 21:41:38 UTC] PHP Fatal error:  Uncaught exception 'PDOException' with message 'SQLSTATE[42000]: Syntax error or access violation: 1065 Query was empty' in /home/ubuntu/workspace/cst336/labs/lab5/index.php:37
Stack trace:
#0 /home/ubuntu/workspace/cst336/labs/lab5/index.php(37): PDOStatement->execute(NULL)
#1 /home/ubuntu/workspace/cst336/labs/lab5/index.php(89): displaySearchResults()
#2 {main}
  thrown in /home/ubuntu/workspace/cst336/labs/lab5/index.php on line 37
[10-Jul-2018 22:31:57 UTC] PHP Parse error:  syntax error, unexpected end of file in /home/ubuntu/workspace/cst336/labs/lab5/index.php on line 112
[12-Jul-2018 23:52:19 UTC] PHP Warning:  include(dbConnection.php): failed to open stream: No such file or directory in /home/ubuntu/workspace/cst336/labs/lab6/loginProcess.php on line 7
[12-Jul-2018 23:52:19 UTC] PHP Stack trace:
[12-Jul-2018 23:52:19 UTC] PHP   1. {main}() /home/ubuntu/workspace/cst336/labs/lab6/loginProcess.php:0
[12-Jul-2018 23:52:19 UTC] PHP Warning:  include(): Failed opening 'dbConnection.php' for inclusion (include_path='.:/usr/share/php:/usr/share/pear') in /home/ubuntu/workspace/cst336/labs/lab6/loginProcess.php on line 7
[12-Jul-2018 23:52:19 UTC] PHP Stack trace:
[12-Jul-2018 23:52:19 UTC] PHP   1. {main}() /home/ubuntu/workspace/cst336/labs/lab6/loginProcess.php:0
[12-Jul-2018 23:52:19 UTC] PHP Fatal error:  Call to undefined function getDatabaseConnection() in /home/ubuntu/workspace/cst336/labs/lab6/loginProcess.php on line 9
[12-Jul-2018 23:52:19 UTC] PHP Stack trace:
[12-Jul-2018 23:52:19 UTC] PHP   1. {main}() /home/ubuntu/workspace/cst336/labs/lab6/loginProcess.php:0
[12-Jul-2018 23:53:44 UTC] PHP Warning:  include(dbConnection.php): failed to open stream: No such file or directory in /home/ubuntu/workspace/cst336/labs/lab6/loginProcess.php on line 7
[12-Jul-2018 23:53:44 UTC] PHP Stack trace:
[12-Jul-2018 23:53:44 UTC] PHP   1. {main}() /home/ubuntu/workspace/cst336/labs/lab6/loginProcess.php:0
[12-Jul-2018 23:53:44 UTC] PHP Warning:  include(): Failed opening 'dbConnection.php' for inclusion (include_path='.:/usr/share/php:/usr/share/pear') in /home/ubuntu/workspace/cst336/labs/lab6/loginProcess.php on line 7
[12-Jul-2018 23:53:44 UTC] PHP Stack trace:
[12-Jul-2018 23:53:44 UTC] PHP   1. {main}() /home/ubuntu/workspace/cst336/labs/lab6/loginProcess.php:0
[12-Jul-2018 23:53:44 UTC] PHP Fatal error:  Call to undefined function getDatabaseConnection() in /home/ubuntu/workspace/cst336/labs/lab6/loginProcess.php on line 9
[12-Jul-2018 23:53:44 UTC] PHP Stack trace:
[12-Jul-2018 23:53:44 UTC] PHP   1. {main}() /home/ubuntu/workspace/cst336/labs/lab6/loginProcess.php:0
[12-Jul-2018 23:53:57 UTC] PHP Warning:  include(dbConnection.php): failed to open stream: No such file or directory in /home/ubuntu/workspace/cst336/labs/lab6/loginProcess.php on line 7
[12-Jul-2018 23:53:57 UTC] PHP Stack trace:
[12-Jul-2018 23:53:57 UTC] PHP   1. {main}() /home/ubuntu/workspace/cst336/labs/lab6/loginProcess.php:0
[12-Jul-2018 23:53:57 UTC] PHP Warning:  include(): Failed opening 'dbConnection.php' for inclusion (include_path='.:/usr/share/php:/usr/share/pear') in /home/ubuntu/workspace/cst336/labs/lab6/loginProcess.php on line 7
[12-Jul-2018 23:53:57 UTC] PHP Stack trace:
[12-Jul-2018 23:53:57 UTC] PHP   1. {main}() /home/ubuntu/workspace/cst336/labs/lab6/loginProcess.php:0
[12-Jul-2018 23:53:57 UTC] PHP Fatal error:  Call to undefined function getDatabaseConnection() in /home/ubuntu/workspace/cst336/labs/lab6/loginProcess.php on line 9
[12-Jul-2018 23:53:57 UTC] PHP Stack trace:
[12-Jul-2018 23:53:57 UTC] PHP   1. {main}() /home/ubuntu/workspace/cst336/labs/lab6/loginProcess.php:0
[13-Jul-2018 00:05:07 UTC] PHP Warning:  include(dbConnection.php): failed to open stream: No such file or directory in /home/ubuntu/workspace/cst336/labs/lab6/loginProcess.php on line 7
[13-Jul-2018 00:05:07 UTC] PHP Stack trace:
[13-Jul-2018 00:05:07 UTC] PHP   1. {main}() /home/ubuntu/workspace/cst336/labs/lab6/loginProcess.php:0
[13-Jul-2018 00:05:07 UTC] PHP Warning:  include(): Failed opening 'dbConnection.php' for inclusion (include_path='.:/usr/share/php:/usr/share/pear') in /home/ubuntu/workspace/cst336/labs/lab6/loginProcess.php on line 7
[13-Jul-2018 00:05:07 UTC] PHP Stack trace:
[13-Jul-2018 00:05:07 UTC] PHP   1. {main}() /home/ubuntu/workspace/cst336/labs/lab6/loginProcess.php:0
[13-Jul-2018 00:05:07 UTC] PHP Fatal error:  Call to undefined function getDatabaseConnection() in /home/ubuntu/workspace/cst336/labs/lab6/loginProcess.php on line 9
[13-Jul-2018 00:05:07 UTC] PHP Stack trace:
[13-Jul-2018 00:05:07 UTC] PHP   1. {main}() /home/ubuntu/workspace/cst336/labs/lab6/loginProcess.php:0
[13-Jul-2018 00:06:50 UTC] PHP Fatal error:  Uncaught exception 'PDOException' with message 'SQLSTATE[42000]: Syntax error or access violation: 1064 You have an error in your SQL syntax; check the manual that corresponds to your MySQL server version for the right syntax to use near ':
            AND password = :' at line 3' in /home/ubuntu/workspace/cst336/labs/lab6/loginProcess.php:29
Stack trace:
#0 /home/ubuntu/workspace/cst336/labs/lab6/loginProcess.php(29): PDOStatement->execute(Array)
#1 {main}
  thrown in /home/ubuntu/workspace/cst336/labs/lab6/loginProcess.php on line 29
[13-Jul-2018 00:13:39 UTC] PHP Fatal error:  Uncaught exception 'PDOException' with message 'SQLSTATE[HY093]: Invalid parameter number: number of bound variables does not match number of tokens' in /home/ubuntu/workspace/cst336/labs/lab6/loginProcess.php:29
Stack trace:
#0 /home/ubuntu/workspace/cst336/labs/lab6/loginProcess.php(29): PDOStatement->execute(Array)
#1 {main}
  thrown in /home/ubuntu/workspace/cst336/labs/lab6/loginProcess.php on line 29
[13-Jul-2018 00:14:00 UTC] PHP Fatal error:  Uncaught exception 'PDOException' with message 'SQLSTATE[HY093]: Invalid parameter number: parameter was not defined' in /home/ubuntu/workspace/cst336/labs/lab6/loginProcess.php:29
Stack trace:
#0 /home/ubuntu/workspace/cst336/labs/lab6/loginProcess.php(29): PDOStatement->execute(Array)
#1 {main}
  thrown in /home/ubuntu/workspace/cst336/labs/lab6/loginProcess.php on line 29
[13-Jul-2018 00:14:19 UTC] PHP Fatal error:  Uncaught exception 'PDOException' with message 'SQLSTATE[HY093]: Invalid parameter number: parameter was not defined' in /home/ubuntu/workspace/cst336/labs/lab6/loginProcess.php:29
Stack trace:
#0 /home/ubuntu/workspace/cst336/labs/lab6/loginProcess.php(29): PDOStatement->execute(Array)
#1 {main}
  thrown in /home/ubuntu/workspace/cst336/labs/lab6/loginProcess.php on line 29
[13-Jul-2018 00:17:37 UTC] PHP Fatal error:  Uncaught exception 'PDOException' with message 'SQLSTATE[HY093]: Invalid parameter number: parameter was not defined' in /home/ubuntu/workspace/cst336/labs/lab6/loginProcess.php:29
Stack trace:
#0 /home/ubuntu/workspace/cst336/labs/lab6/loginProcess.php(29): PDOStatement->execute(Array)
#1 {main}
  thrown in /home/ubuntu/workspace/cst336/labs/lab6/loginProcess.php on line 29
[13-Jul-2018 00:17:52 UTC] PHP Fatal error:  Uncaught exception 'PDOException' with message 'SQLSTATE[HY093]: Invalid parameter number: parameter was not defined' in /home/ubuntu/workspace/cst336/labs/lab6/loginProcess.php:29
Stack trace:
#0 /home/ubuntu/workspace/cst336/labs/lab6/loginProcess.php(29): PDOStatement->execute(Array)
#1 {main}
  thrown in /home/ubuntu/workspace/cst336/labs/lab6/loginProcess.php on line 29
[17-Jul-2018 17:51:24 UTC] PHP Fatal error:  Uncaught exception 'PDOException' with message 'SQLSTATE[HY093]: Invalid parameter number: number of bound variables does not match number of tokens' in /home/ubuntu/workspace/cst336/labs/lab6/loginProcess.php:29
Stack trace:
#0 /home/ubuntu/workspace/cst336/labs/lab6/loginProcess.php(29): PDOStatement->execute(Array)
#1 {main}
  thrown in /home/ubuntu/workspace/cst336/labs/lab6/loginProcess.php on line 29
[17-Jul-2018 21:03:01 UTC] PHP Warning:  include(../dbConnection.php): failed to open stream: No such file or directory in /home/ubuntu/workspace/cst336/labs/lab6/loginProcess.php on line 7
[17-Jul-2018 21:03:01 UTC] PHP Stack trace:
[17-Jul-2018 21:03:01 UTC] PHP   1. {main}() /home/ubuntu/workspace/cst336/labs/lab6/loginProcess.php:0
[17-Jul-2018 21:03:01 UTC] PHP Warning:  include(): Failed opening '../dbConnection.php' for inclusion (include_path='.:/usr/share/php:/usr/share/pear') in /home/ubuntu/workspace/cst336/labs/lab6/loginProcess.php on line 7
[17-Jul-2018 21:03:01 UTC] PHP Stack trace:
[17-Jul-2018 21:03:01 UTC] PHP   1. {main}() /home/ubuntu/workspace/cst336/labs/lab6/loginProcess.php:0
[17-Jul-2018 21:03:01 UTC] PHP Fatal error:  Call to undefined function getDatabaseConnection() in /home/ubuntu/workspace/cst336/labs/lab6/loginProcess.php on line 9
[17-Jul-2018 21:03:01 UTC] PHP Stack trace:
[17-Jul-2018 21:03:01 UTC] PHP   1. {main}() /home/ubuntu/workspace/cst336/labs/lab6/loginProcess.php:0
[17-Jul-2018 21:09:33 UTC] PHP Fatal error:  Uncaught exception 'PDOException' with message 'SQLSTATE[HY000] [1045] Access denied for user ''@'localhost' (using password: NO)' in /home/ubuntu/workspace/cst336/labs/lab5/dbConnection.php:21
Stack trace:
#0 /home/ubuntu/workspace/cst336/labs/lab5/dbConnection.php(21): PDO->__construct('mysql:host=loca...', '', '')
#1 /home/ubuntu/workspace/cst336/labs/lab5/index.php(4): getDatabaseConnection('ottermart')
#2 {main}
  thrown in /home/ubuntu/workspace/cst336/labs/lab5/dbConnection.php on line 21
[17-Jul-2018 22:54:48 UTC] PHP Warning:  include(../../dbConnection.php): failed to open stream: No such file or directory in /home/ubuntu/workspace/cst336/labs/lab6/loginProcess.php on line 7
[17-Jul-2018 22:54:48 UTC] PHP Stack trace:
[17-Jul-2018 22:54:48 UTC] PHP   1. {main}() /home/ubuntu/workspace/cst336/labs/lab6/loginProcess.php:0
[17-Jul-2018 22:54:48 UTC] PHP Warning:  include(): Failed opening '../../dbConnection.php' for inclusion (include_path='.:/usr/share/php:/usr/share/pear') in /home/ubuntu/workspace/cst336/labs/lab6/loginProcess.php on line 7
[17-Jul-2018 22:54:48 UTC] PHP Stack trace:
[17-Jul-2018 22:54:48 UTC] PHP   1. {main}() /home/ubuntu/workspace/cst336/labs/lab6/loginProcess.php:0
[17-Jul-2018 22:54:48 UTC] PHP Fatal error:  Call to undefined function getDatabaseConnection() in /home/ubuntu/workspace/cst336/labs/lab6/loginProcess.php on line 9
[17-Jul-2018 22:54:48 UTC] PHP Stack trace:
[17-Jul-2018 22:54:48 UTC] PHP   1. {main}() /home/ubuntu/workspace/cst336/labs/lab6/loginProcess.php:0
[17-Jul-2018 22:55:31 UTC] PHP Warning:  include(/lab5/dbConnection.php): failed to open stream: No such file or directory in /home/ubuntu/workspace/cst336/labs/lab6/loginProcess.php on line 7
[17-Jul-2018 22:55:31 UTC] PHP Stack trace:
[17-Jul-2018 22:55:31 UTC] PHP   1. {main}() /home/ubuntu/workspace/cst336/labs/lab6/loginProcess.php:0
[17-Jul-2018 22:55:31 UTC] PHP Warning:  include(): Failed opening '/lab5/dbConnection.php' for inclusion (include_path='.:/usr/share/php:/usr/share/pear') in /home/ubuntu/workspace/cst336/labs/lab6/loginProcess.php on line 7
[17-Jul-2018 22:55:31 UTC] PHP Stack trace:
[17-Jul-2018 22:55:31 UTC] PHP   1. {main}() /home/ubuntu/workspace/cst336/labs/lab6/loginProcess.php:0
[17-Jul-2018 22:55:31 UTC] PHP Fatal error:  Call to undefined function getDatabaseConnection() in /home/ubuntu/workspace/cst336/labs/lab6/loginProcess.php on line 9
[17-Jul-2018 22:55:31 UTC] PHP Stack trace:
[17-Jul-2018 22:55:31 UTC] PHP   1. {main}() /home/ubuntu/workspace/cst336/labs/lab6/loginProcess.php:0
[18-Jul-2018 01:00:12 UTC] PHP Fatal error:  Call to undefined function getCategories() in /home/ubuntu/workspace/cst336/labs/lab6/addProduct.php on line 21
[18-Jul-2018 01:00:12 UTC] PHP Stack trace:
[18-Jul-2018 01:00:12 UTC] PHP   1. {main}() /home/ubuntu/workspace/cst336/labs/lab6/addProduct.php:0
[18-Jul-2018 01:05:02 UTC] PHP Fatal error:  Uncaught exception 'PDOException' with message 'SQLSTATE[42000]: Syntax error or access violation: 1064 You have an error in your SQL syntax; check the manual that corresponds to your MySQL server version for the right syntax to use near '-category
                ORDER BY catName' at line 2' in /home/ubuntu/workspace/cst336/labs/lab6/addProduct.php:15
Stack trace:
#0 /home/ubuntu/workspace/cst336/labs/lab6/addProduct.php(15): PDOStatement->execute()
#1 /home/ubuntu/workspace/cst336/labs/lab6/addProduct.php(37): getCategories()
#2 {main}
  thrown in /home/ubuntu/workspace/cst336/labs/lab6/addProduct.php on line 15
[18-Jul-2018 01:05:12 UTC] PHP Fatal error:  Uncaught exception 'PDOException' with message 'SQLSTATE[42000]: Syntax error or access violation: 1064 You have an error in your SQL syntax; check the manual that corresponds to your MySQL server version for the right syntax to use near '-category
                ORDER BY catName' at line 2' in /home/ubuntu/workspace/cst336/labs/lab6/addProduct.php:15
Stack trace:
#0 /home/ubuntu/workspace/cst336/labs/lab6/addProduct.php(15): PDOStatement->execute()
#1 /home/ubuntu/workspace/cst336/labs/lab6/addProduct.php(37): getCategories()
#2 {main}
  thrown in /home/ubuntu/workspace/cst336/labs/lab6/addProduct.php on line 15
[18-Jul-2018 01:18:00 UTC] PHP Fatal error:  Uncaught exception 'PDOException' with message 'SQLSTATE[HY093]: Invalid parameter number: number of bound variables does not match number of tokens' in /home/ubuntu/workspace/cst336/labs/lab6/addProduct.php:43
Stack trace:
#0 /home/ubuntu/workspace/cst336/labs/lab6/addProduct.php(43): PDOStatement->execute(Array)
#1 {main}
  thrown in /home/ubuntu/workspace/cst336/labs/lab6/addProduct.php on line 43
[18-Jul-2018 01:19:03 UTC] PHP Fatal error:  Uncaught exception 'PDOException' with message 'SQLSTATE[HY093]: Invalid parameter number: number of bound variables does not match number of tokens' in /home/ubuntu/workspace/cst336/labs/lab6/addProduct.php:43
Stack trace:
#0 /home/ubuntu/workspace/cst336/labs/lab6/addProduct.php(43): PDOStatement->execute(Array)
#1 {main}
  thrown in /home/ubuntu/workspace/cst336/labs/lab6/addProduct.php on line 43
[18-Jul-2018 01:25:09 UTC] PHP Fatal error:  Uncaught exception 'PDOException' with message 'SQLSTATE[HY093]: Invalid parameter number: number of bound variables does not match number of tokens' in /home/ubuntu/workspace/cst336/labs/lab6/addProduct.php:43
Stack trace:
#0 /home/ubuntu/workspace/cst336/labs/lab6/addProduct.php(43): PDOStatement->execute(Array)
#1 {main}
  thrown in /home/ubuntu/workspace/cst336/labs/lab6/addProduct.php on line 43
[18-Jul-2018 01:54:50 UTC] PHP Fatal error:  Call to undefined function getCategories() in /home/ubuntu/workspace/cst336/labs/lab6/updateProduct.php on line 39
[18-Jul-2018 01:54:50 UTC] PHP Stack trace:
[18-Jul-2018 01:54:50 UTC] PHP   1. {main}() /home/ubuntu/workspace/cst336/labs/lab6/updateProduct.php:0
[18-Jul-2018 02:00:05 UTC] PHP Warning:  PDOStatement::execute() expects parameter 1 to be array, string given in /home/ubuntu/workspace/cst336/labs/lab6/updateProduct.php on line 33
[18-Jul-2018 02:00:05 UTC] PHP Stack trace:
[18-Jul-2018 02:00:05 UTC] PHP   1. {main}() /home/ubuntu/workspace/cst336/labs/lab6/updateProduct.php:0
[18-Jul-2018 02:00:05 UTC] PHP   2. getCategories() /home/ubuntu/workspace/cst336/labs/lab6/updateProduct.php:56
[18-Jul-2018 02:00:05 UTC] PHP   3. PDOStatement->execute() /home/ubuntu/workspace/cst336/labs/lab6/updateProduct.php:33
[18-Jul-2018 02:00:05 UTC] PHP Warning:  Invalid argument supplied for foreach() in /home/ubuntu/workspace/cst336/labs/lab6/updateProduct.php on line 35
[18-Jul-2018 02:00:05 UTC] PHP Stack trace:
[18-Jul-2018 02:00:05 UTC] PHP   1. {main}() /home/ubuntu/workspace/cst336/labs/lab6/updateProduct.php:0
[18-Jul-2018 02:00:05 UTC] PHP   2. getCategories() /home/ubuntu/workspace/cst336/labs/lab6/updateProduct.php:56
[18-Jul-2018 02:00:39 UTC] PHP Warning:  PDOStatement::execute() expects parameter 1 to be array, string given in /home/ubuntu/workspace/cst336/labs/lab6/updateProduct.php on line 33
[18-Jul-2018 02:00:39 UTC] PHP Stack trace:
[18-Jul-2018 02:00:39 UTC] PHP   1. {main}() /home/ubuntu/workspace/cst336/labs/lab6/updateProduct.php:0
[18-Jul-2018 02:00:39 UTC] PHP   2. getCategories() /home/ubuntu/workspace/cst336/labs/lab6/updateProduct.php:56
[18-Jul-2018 02:00:39 UTC] PHP   3. PDOStatement->execute() /home/ubuntu/workspace/cst336/labs/lab6/updateProduct.php:33
[18-Jul-2018 02:00:39 UTC] PHP Warning:  Invalid argument supplied for foreach() in /home/ubuntu/workspace/cst336/labs/lab6/updateProduct.php on line 35
[18-Jul-2018 02:00:39 UTC] PHP Stack trace:
[18-Jul-2018 02:00:39 UTC] PHP   1. {main}() /home/ubuntu/workspace/cst336/labs/lab6/updateProduct.php:0
[18-Jul-2018 02:00:39 UTC] PHP   2. getCategories() /home/ubuntu/workspace/cst336/labs/lab6/updateProduct.php:56
[18-Jul-2018 02:01:18 UTC] PHP Warning:  PDOStatement::execute() expects parameter 1 to be array, string given in /home/ubuntu/workspace/cst336/labs/lab6/updateProduct.php on line 33
[18-Jul-2018 02:01:18 UTC] PHP Stack trace:
[18-Jul-2018 02:01:18 UTC] PHP   1. {main}() /home/ubuntu/workspace/cst336/labs/lab6/updateProduct.php:0
[18-Jul-2018 02:01:18 UTC] PHP   2. getCategories() /home/ubuntu/workspace/cst336/labs/lab6/updateProduct.php:56
[18-Jul-2018 02:01:18 UTC] PHP   3. PDOStatement->execute() /home/ubuntu/workspace/cst336/labs/lab6/updateProduct.php:33
[18-Jul-2018 02:01:18 UTC] PHP Warning:  Invalid argument supplied for foreach() in /home/ubuntu/workspace/cst336/labs/lab6/updateProduct.php on line 35
[18-Jul-2018 02:01:18 UTC] PHP Stack trace:
[18-Jul-2018 02:01:18 UTC] PHP   1. {main}() /home/ubuntu/workspace/cst336/labs/lab6/updateProduct.php:0
[18-Jul-2018 02:01:18 UTC] PHP   2. getCategories() /home/ubuntu/workspace/cst336/labs/lab6/updateProduct.php:56
[18-Jul-2018 05:13:42 UTC] PHP Warning:  PDOStatement::execute() expects parameter 1 to be array, string given in /home/ubuntu/workspace/cst336/labs/lab6/updateProduct.php on line 33
[18-Jul-2018 05:13:42 UTC] PHP Stack trace:
[18-Jul-2018 05:13:42 UTC] PHP   1. {main}() /home/ubuntu/workspace/cst336/labs/lab6/updateProduct.php:0
[18-Jul-2018 05:13:42 UTC] PHP   2. getCategories() /home/ubuntu/workspace/cst336/labs/lab6/updateProduct.php:56
[18-Jul-2018 05:13:42 UTC] PHP   3. PDOStatement->execute() /home/ubuntu/workspace/cst336/labs/lab6/updateProduct.php:33
[18-Jul-2018 05:13:42 UTC] PHP Warning:  Invalid argument supplied for foreach() in /home/ubuntu/workspace/cst336/labs/lab6/updateProduct.php on line 35
[18-Jul-2018 05:13:42 UTC] PHP Stack trace:
[18-Jul-2018 05:13:42 UTC] PHP   1. {main}() /home/ubuntu/workspace/cst336/labs/lab6/updateProduct.php:0
[18-Jul-2018 05:13:42 UTC] PHP   2. getCategories() /home/ubuntu/workspace/cst336/labs/lab6/updateProduct.php:56
[18-Jul-2018 05:21:17 UTC] PHP Warning:  PDOStatement::execute() expects parameter 1 to be array, string given in /home/ubuntu/workspace/cst336/labs/lab6/updateProduct.php on line 33
[18-Jul-2018 05:21:17 UTC] PHP Stack trace:
[18-Jul-2018 05:21:17 UTC] PHP   1. {main}() /home/ubuntu/workspace/cst336/labs/lab6/updateProduct.php:0
[18-Jul-2018 05:21:17 UTC] PHP   2. getCategories() /home/ubuntu/workspace/cst336/labs/lab6/updateProduct.php:56
[18-Jul-2018 05:21:17 UTC] PHP   3. PDOStatement->execute() /home/ubuntu/workspace/cst336/labs/lab6/updateProduct.php:33
[18-Jul-2018 05:21:17 UTC] PHP Warning:  Invalid argument supplied for foreach() in /home/ubuntu/workspace/cst336/labs/lab6/updateProduct.php on line 35
[18-Jul-2018 05:21:17 UTC] PHP Stack trace:
[18-Jul-2018 05:21:17 UTC] PHP   1. {main}() /home/ubuntu/workspace/cst336/labs/lab6/updateProduct.php:0
[18-Jul-2018 05:21:17 UTC] PHP   2. getCategories() /home/ubuntu/workspace/cst336/labs/lab6/updateProduct.php:56
[18-Jul-2018 05:21:28 UTC] PHP Warning:  PDOStatement::execute() expects parameter 1 to be array, string given in /home/ubuntu/workspace/cst336/labs/lab6/updateProduct.php on line 33
[18-Jul-2018 05:21:28 UTC] PHP Stack trace:
[18-Jul-2018 05:21:28 UTC] PHP   1. {main}() /home/ubuntu/workspace/cst336/labs/lab6/updateProduct.php:0
[18-Jul-2018 05:21:28 UTC] PHP   2. getCategories() /home/ubuntu/workspace/cst336/labs/lab6/updateProduct.php:56
[18-Jul-2018 05:21:28 UTC] PHP   3. PDOStatement->execute() /home/ubuntu/workspace/cst336/labs/lab6/updateProduct.php:33
[18-Jul-2018 05:21:28 UTC] PHP Warning:  Invalid argument supplied for foreach() in /home/ubuntu/workspace/cst336/labs/lab6/updateProduct.php on line 35
[18-Jul-2018 05:21:28 UTC] PHP Stack trace:
[18-Jul-2018 05:21:28 UTC] PHP   1. {main}() /home/ubuntu/workspace/cst336/labs/lab6/updateProduct.php:0
[18-Jul-2018 05:21:28 UTC] PHP   2. getCategories() /home/ubuntu/workspace/cst336/labs/lab6/updateProduct.php:56
[18-Jul-2018 05:30:35 UTC] PHP Warning:  PDOStatement::execute() expects parameter 1 to be array, string given in /home/ubuntu/workspace/cst336/labs/lab6/updateProduct.php on line 33
[18-Jul-2018 05:30:35 UTC] PHP Stack trace:
[18-Jul-2018 05:30:35 UTC] PHP   1. {main}() /home/ubuntu/workspace/cst336/labs/lab6/updateProduct.php:0
[18-Jul-2018 05:30:35 UTC] PHP   2. getCategories() /home/ubuntu/workspace/cst336/labs/lab6/updateProduct.php:56
[18-Jul-2018 05:30:35 UTC] PHP   3. PDOStatement->execute() /home/ubuntu/workspace/cst336/labs/lab6/updateProduct.php:33
[18-Jul-2018 05:30:35 UTC] PHP Warning:  Invalid argument supplied for foreach() in /home/ubuntu/workspace/cst336/labs/lab6/updateProduct.php on line 35
[18-Jul-2018 05:30:35 UTC] PHP Stack trace:
[18-Jul-2018 05:30:35 UTC] PHP   1. {main}() /home/ubuntu/workspace/cst336/labs/lab6/updateProduct.php:0
[18-Jul-2018 05:30:35 UTC] PHP   2. getCategories() /home/ubuntu/workspace/cst336/labs/lab6/updateProduct.php:56
[18-Jul-2018 05:33:33 UTC] PHP Warning:  Invalid argument supplied for foreach() in /home/ubuntu/workspace/cst336/labs/lab6/updateProduct.php on line 35
[18-Jul-2018 05:33:33 UTC] PHP Stack trace:
[18-Jul-2018 05:33:33 UTC] PHP   1. {main}() /home/ubuntu/workspace/cst336/labs/lab6/updateProduct.php:0
[18-Jul-2018 05:33:33 UTC] PHP   2. getCategories() /home/ubuntu/workspace/cst336/labs/lab6/updateProduct.php:56
[18-Jul-2018 05:33:46 UTC] PHP Warning:  Invalid argument supplied for foreach() in /home/ubuntu/workspace/cst336/labs/lab6/updateProduct.php on line 35
[18-Jul-2018 05:33:46 UTC] PHP Stack trace:
[18-Jul-2018 05:33:46 UTC] PHP   1. {main}() /home/ubuntu/workspace/cst336/labs/lab6/updateProduct.php:0
[18-Jul-2018 05:33:46 UTC] PHP   2. getCategories() /home/ubuntu/workspace/cst336/labs/lab6/updateProduct.php:56
[18-Jul-2018 05:48:08 UTC] PHP Warning:  Invalid argument supplied for foreach() in /home/ubuntu/workspace/cst336/labs/lab6/updateProduct.php on line 35
[18-Jul-2018 05:48:08 UTC] PHP Stack trace:
[18-Jul-2018 05:48:08 UTC] PHP   1. {main}() /home/ubuntu/workspace/cst336/labs/lab6/updateProduct.php:0
[18-Jul-2018 05:48:08 UTC] PHP   2. getCategories() /home/ubuntu/workspace/cst336/labs/lab6/updateProduct.php:56
[18-Jul-2018 05:49:26 UTC] PHP Warning:  Invalid argument supplied for foreach() in /home/ubuntu/workspace/cst336/labs/lab6/updateProduct.php on line 35
[18-Jul-2018 05:49:26 UTC] PHP Stack trace:
[18-Jul-2018 05:49:26 UTC] PHP   1. {main}() /home/ubuntu/workspace/cst336/labs/lab6/updateProduct.php:0
[18-Jul-2018 05:49:26 UTC] PHP   2. getCategories() /home/ubuntu/workspace/cst336/labs/lab6/updateProduct.php:56
[18-Jul-2018 05:49:35 UTC] PHP Warning:  Invalid argument supplied for foreach() in /home/ubuntu/workspace/cst336/labs/lab6/updateProduct.php on line 35
[18-Jul-2018 05:49:35 UTC] PHP Stack trace:
[18-Jul-2018 05:49:35 UTC] PHP   1. {main}() /home/ubuntu/workspace/cst336/labs/lab6/updateProduct.php:0
[18-Jul-2018 05:49:35 UTC] PHP   2. getCategories() /home/ubuntu/workspace/cst336/labs/lab6/updateProduct.php:56
[18-Jul-2018 05:50:38 UTC] PHP Warning:  Invalid argument supplied for foreach() in /home/ubuntu/workspace/cst336/labs/lab6/updateProduct.php on line 35
[18-Jul-2018 05:50:38 UTC] PHP Stack trace:
[18-Jul-2018 05:50:38 UTC] PHP   1. {main}() /home/ubuntu/workspace/cst336/labs/lab6/updateProduct.php:0
[18-Jul-2018 05:50:38 UTC] PHP   2. getCategories() /home/ubuntu/workspace/cst336/labs/lab6/updateProduct.php:56
[18-Jul-2018 05:50:40 UTC] PHP Warning:  Invalid argument supplied for foreach() in /home/ubuntu/workspace/cst336/labs/lab6/updateProduct.php on line 35
[18-Jul-2018 05:50:40 UTC] PHP Stack trace:
[18-Jul-2018 05:50:40 UTC] PHP   1. {main}() /home/ubuntu/workspace/cst336/labs/lab6/updateProduct.php:0
[18-Jul-2018 05:50:40 UTC] PHP   2. getCategories() /home/ubuntu/workspace/cst336/labs/lab6/updateProduct.php:56
[18-Jul-2018 05:50:53 UTC] PHP Warning:  Invalid argument supplied for foreach() in /home/ubuntu/workspace/cst336/labs/lab6/updateProduct.php on line 35
[18-Jul-2018 05:50:53 UTC] PHP Stack trace:
[18-Jul-2018 05:50:53 UTC] PHP   1. {main}() /home/ubuntu/workspace/cst336/labs/lab6/updateProduct.php:0
[18-Jul-2018 05:50:53 UTC] PHP   2. getCategories() /home/ubuntu/workspace/cst336/labs/lab6/updateProduct.php:56
[18-Jul-2018 05:51:43 UTC] PHP Warning:  Invalid argument supplied for foreach() in /home/ubuntu/workspace/cst336/labs/lab6/updateProduct.php on line 35
[18-Jul-2018 05:51:43 UTC] PHP Stack trace:
[18-Jul-2018 05:51:43 UTC] PHP   1. {main}() /home/ubuntu/workspace/cst336/labs/lab6/updateProduct.php:0
[18-Jul-2018 05:51:43 UTC] PHP   2. getCategories() /home/ubuntu/workspace/cst336/labs/lab6/updateProduct.php:56
[18-Jul-2018 06:01:39 UTC] PHP Warning:  Invalid argument supplied for foreach() in /home/ubuntu/workspace/cst336/labs/lab6/updateProduct.php on line 35
[18-Jul-2018 06:01:39 UTC] PHP Stack trace:
[18-Jul-2018 06:01:39 UTC] PHP   1. {main}() /home/ubuntu/workspace/cst336/labs/lab6/updateProduct.php:0
[18-Jul-2018 06:01:39 UTC] PHP   2. getCategories() /home/ubuntu/workspace/cst336/labs/lab6/updateProduct.php:80
[18-Jul-2018 06:01:49 UTC] PHP Warning:  Invalid argument supplied for foreach() in /home/ubuntu/workspace/cst336/labs/lab6/updateProduct.php on line 35
[18-Jul-2018 06:01:49 UTC] PHP Stack trace:
[18-Jul-2018 06:01:49 UTC] PHP   1. {main}() /home/ubuntu/workspace/cst336/labs/lab6/updateProduct.php:0
[18-Jul-2018 06:01:49 UTC] PHP   2. getCategories() /home/ubuntu/workspace/cst336/labs/lab6/updateProduct.php:80
[18-Jul-2018 06:01:54 UTC] PHP Warning:  Invalid argument supplied for foreach() in /home/ubuntu/workspace/cst336/labs/lab6/updateProduct.php on line 35
[18-Jul-2018 06:01:54 UTC] PHP Stack trace:
[18-Jul-2018 06:01:54 UTC] PHP   1. {main}() /home/ubuntu/workspace/cst336/labs/lab6/updateProduct.php:0
[18-Jul-2018 06:01:54 UTC] PHP   2. getCategories() /home/ubuntu/workspace/cst336/labs/lab6/updateProduct.php:80
[18-Jul-2018 06:01:58 UTC] PHP Warning:  Invalid argument supplied for foreach() in /home/ubuntu/workspace/cst336/labs/lab6/updateProduct.php on line 35
[18-Jul-2018 06:01:58 UTC] PHP Stack trace:
[18-Jul-2018 06:01:58 UTC] PHP   1. {main}() /home/ubuntu/workspace/cst336/labs/lab6/updateProduct.php:0
[18-Jul-2018 06:01:58 UTC] PHP   2. getCategories() /home/ubuntu/workspace/cst336/labs/lab6/updateProduct.php:80
[18-Jul-2018 06:02:16 UTC] PHP Warning:  Invalid argument supplied for foreach() in /home/ubuntu/workspace/cst336/labs/lab6/updateProduct.php on line 35
[18-Jul-2018 06:02:16 UTC] PHP Stack trace:
[18-Jul-2018 06:02:16 UTC] PHP   1. {main}() /home/ubuntu/workspace/cst336/labs/lab6/updateProduct.php:0
[18-Jul-2018 06:02:16 UTC] PHP   2. getCategories() /home/ubuntu/workspace/cst336/labs/lab6/updateProduct.php:80
[18-Jul-2018 06:02:21 UTC] PHP Warning:  Invalid argument supplied for foreach() in /home/ubuntu/workspace/cst336/labs/lab6/updateProduct.php on line 35
[18-Jul-2018 06:02:21 UTC] PHP Stack trace:
[18-Jul-2018 06:02:21 UTC] PHP   1. {main}() /home/ubuntu/workspace/cst336/labs/lab6/updateProduct.php:0
[18-Jul-2018 06:02:21 UTC] PHP   2. getCategories() /home/ubuntu/workspace/cst336/labs/lab6/updateProduct.php:80
[18-Jul-2018 06:02:24 UTC] PHP Warning:  Invalid argument supplied for foreach() in /home/ubuntu/workspace/cst336/labs/lab6/updateProduct.php on line 35
[18-Jul-2018 06:02:24 UTC] PHP Stack trace:
[18-Jul-2018 06:02:24 UTC] PHP   1. {main}() /home/ubuntu/workspace/cst336/labs/lab6/updateProduct.php:0
[18-Jul-2018 06:02:24 UTC] PHP   2. getCategories() /home/ubuntu/workspace/cst336/labs/lab6/updateProduct.php:80
[31-Jul-2018 21:29:01 UTC] PHP Fatal error:  Function name must be a string in /home/ubuntu/workspace/cst336/labs/lab8/logout.php on line 2
[31-Jul-2018 21:29:01 UTC] PHP Stack trace:
[31-Jul-2018 21:29:01 UTC] PHP   1. {main}() /home/ubuntu/workspace/cst336/labs/lab8/logout.php:0
[31-Jul-2018 21:29:55 UTC] PHP Fatal error:  Uncaught exception 'PDOException' with message 'SQLSTATE[23000]: Integrity constraint violation: 1048 Column 'score' cannot be null' in /home/ubuntu/workspace/cst336/labs/lab8/submitScores.php:18
Stack trace:
#0 /home/ubuntu/workspace/cst336/labs/lab8/submitScores.php(18): PDOStatement->execute(Array)
#1 {main}
  thrown in /home/ubuntu/workspace/cst336/labs/lab8/submitScores.php on line 18
[31-Jul-2018 21:30:55 UTC] PHP Fatal error:  Function name must be a string in /home/ubuntu/workspace/cst336/labs/lab8/logout.php on line 2
[31-Jul-2018 21:30:55 UTC] PHP Stack trace:
[31-Jul-2018 21:30:55 UTC] PHP   1. {main}() /home/ubuntu/workspace/cst336/labs/lab8/logout.php:0
[31-Jul-2018 21:30:58 UTC] PHP Fatal error:  Function name must be a string in /home/ubuntu/workspace/cst336/labs/lab8/logout.php on line 2
[31-Jul-2018 21:30:58 UTC] PHP Stack trace:
[31-Jul-2018 21:30:58 UTC] PHP   1. {main}() /home/ubuntu/workspace/cst336/labs/lab8/logout.php:0
[31-Jul-2018 21:41:35 UTC] PHP Fatal error:  Function name must be a string in /home/ubuntu/workspace/cst336/labs/lab8/logout.php on line 2
[31-Jul-2018 21:41:35 UTC] PHP Stack trace:
[31-Jul-2018 21:41:35 UTC] PHP   1. {main}() /home/ubuntu/workspace/cst336/labs/lab8/logout.php:0
